<?xml version="1.0" encoding="UTF-8"?>
<testsuites name="TS01_TechnofestAdmin" time="830.41" tests="83" failures="10" errors="0">
   <testsuite name="TS01_TechnofestAdmin" tests="83" failures="10" errors="0" time="830.41" skipped="0" timestamp="2023-02-10 12:12:23" hostname="GA502GU - DESKTOP-O2JTDS3" id="Test Suites/TS01_TechnofestAdmin">
      <properties>
[...]
</properties>
      <testcase name="Test Cases/Auth/TC01-04_Login" time="40.457" classname="Test Cases/Auth/TC01-04_Login" status="PASSED">
         <system-out><![CDATA[2023-02-10 12:12:24 - [TEST_CASE][PASSED] - Test Cases/Auth/TC01-04_Login: Test Cases/Auth/TC01-04_Login

2023-02-10 12:12:25 - [TEST_STEP][PASSED] - openBrowser(""): Browser is opened with url: ''

2023-02-10 12:12:26 - [MESSAGE][INFO] - Starting 'Chrome' driver

2023-02-10 12:12:27 - [MESSAGE][INFO] - Action delay is set to 0 milliseconds

2023-02-10 12:12:31 - [MESSAGE][PASSED] - Browser is opened with url: ''

2023-02-10 12:12:31 - [TEST_STEP][PASSED] - navigateToUrl("https://technofest.stiki.ac.id/"): Navigate to 'https://technofest.stiki.ac.id/' successfully

2023-02-10 12:12:43 - [MESSAGE][PASSED] - Navigate to 'https://technofest.stiki.ac.id/' successfully

2023-02-10 12:12:43 - [TEST_STEP][PASSED] - maximizeWindow(): Current window maximized

2023-02-10 12:12:43 - [MESSAGE][PASSED] - Current window maximized

2023-02-10 12:12:43 - [TEST_STEP][PASSED] - for ([i = 1, i <= 4, (i++)]): Object: 'Object Repository/Auth/Login button' is clicked on

2023-02-10 12:12:43 - [TEST_STEP][PASSED] - navigateToUrl("https://technofest.stiki.ac.id/en/login"): Navigate to 'https://technofest.stiki.ac.id/en/login' successfully

2023-02-10 12:12:44 - [MESSAGE][PASSED] - Navigate to 'https://technofest.stiki.ac.id/en/login' successfully

2023-02-10 12:12:44 - [TEST_STEP][PASSED] - setText(findTestObject("Auth/Email"), findTestData("Data Login").getValue(1, i)): Text 'adminaja@technofest.stiki.ac.id' is set on object 'Object Repository/Auth/Email'

2023-02-10 12:12:46 - [MESSAGE][PASSED] - Text 'adminaja@technofest.stiki.ac.id' is set on object 'Object Repository/Auth/Email'

2023-02-10 12:12:46 - [TEST_STEP][PASSED] - setText(findTestObject("Auth/Password"), findTestData("Data Login").getValue(2, i)): Text 'technofest123!' is set on object 'Object Repository/Auth/Password'

2023-02-10 12:12:47 - [MESSAGE][PASSED] - Text 'technofest123!' is set on object 'Object Repository/Auth/Password'

2023-02-10 12:12:47 - [TEST_STEP][PASSED] - click(findTestObject("Auth/Login button")): Object: 'Object Repository/Auth/Login button' is clicked on

2023-02-10 12:12:49 - [MESSAGE][PASSED] - Object: 'Object Repository/Auth/Login button' is clicked on

2023-02-10 12:12:49 - [TEST_STEP][PASSED] - navigateToUrl("https://technofest.stiki.ac.id/en/login"): Navigate to 'https://technofest.stiki.ac.id/en/login' successfully

2023-02-10 12:12:49 - [MESSAGE][PASSED] - Navigate to 'https://technofest.stiki.ac.id/en/login' successfully

2023-02-10 12:12:49 - [TEST_STEP][PASSED] - setText(findTestObject("Auth/Email"), findTestData("Data Login").getValue(1, i)): Text 'superadmin@technofest.stiki.ac.id' is set on object 'Object Repository/Auth/Email'

2023-02-10 12:12:51 - [MESSAGE][PASSED] - Text 'superadmin@technofest.stiki.ac.id' is set on object 'Object Repository/Auth/Email'

2023-02-10 12:12:51 - [TEST_STEP][PASSED] - setText(findTestObject("Auth/Password"), findTestData("Data Login").getValue(2, i)): Text 'technofest999' is set on object 'Object Repository/Auth/Password'

2023-02-10 12:12:52 - [MESSAGE][PASSED] - Text 'technofest999' is set on object 'Object Repository/Auth/Password'

2023-02-10 12:12:52 - [TEST_STEP][PASSED] - click(findTestObject("Auth/Login button")): Object: 'Object Repository/Auth/Login button' is clicked on

2023-02-10 12:12:53 - [MESSAGE][PASSED] - Object: 'Object Repository/Auth/Login button' is clicked on

2023-02-10 12:12:53 - [TEST_STEP][PASSED] - navigateToUrl("https://technofest.stiki.ac.id/en/login"): Navigate to 'https://technofest.stiki.ac.id/en/login' successfully

2023-02-10 12:12:54 - [MESSAGE][PASSED] - Navigate to 'https://technofest.stiki.ac.id/en/login' successfully

2023-02-10 12:12:54 - [TEST_STEP][PASSED] - setText(findTestObject("Auth/Email"), findTestData("Data Login").getValue(1, i)): Text 'adminaja@technofest.stiki.ac.id' is set on object 'Object Repository/Auth/Email'

2023-02-10 12:12:55 - [MESSAGE][PASSED] - Text 'adminaja@technofest.stiki.ac.id' is set on object 'Object Repository/Auth/Email'

2023-02-10 12:12:55 - [TEST_STEP][PASSED] - setText(findTestObject("Auth/Password"), findTestData("Data Login").getValue(2, i)): Text 'technofest999' is set on object 'Object Repository/Auth/Password'

2023-02-10 12:12:56 - [MESSAGE][PASSED] - Text 'technofest999' is set on object 'Object Repository/Auth/Password'

2023-02-10 12:12:56 - [TEST_STEP][PASSED] - click(findTestObject("Auth/Login button")): Object: 'Object Repository/Auth/Login button' is clicked on

2023-02-10 12:12:57 - [MESSAGE][PASSED] - Object: 'Object Repository/Auth/Login button' is clicked on

2023-02-10 12:12:57 - [TEST_STEP][PASSED] - navigateToUrl("https://technofest.stiki.ac.id/en/login"): Navigate to 'https://technofest.stiki.ac.id/en/login' successfully

2023-02-10 12:12:57 - [MESSAGE][PASSED] - Navigate to 'https://technofest.stiki.ac.id/en/login' successfully

2023-02-10 12:12:57 - [TEST_STEP][PASSED] - setText(findTestObject("Auth/Email"), findTestData("Data Login").getValue(1, i)): Text 'superadmin@technofest.stiki.ac.id' is set on object 'Object Repository/Auth/Email'

2023-02-10 12:12:59 - [MESSAGE][PASSED] - Text 'superadmin@technofest.stiki.ac.id' is set on object 'Object Repository/Auth/Email'

2023-02-10 12:12:59 - [TEST_STEP][PASSED] - setText(findTestObject("Auth/Password"), findTestData("Data Login").getValue(2, i)): Text 'technofest123!' is set on object 'Object Repository/Auth/Password'

2023-02-10 12:13:00 - [MESSAGE][PASSED] - Text 'technofest123!' is set on object 'Object Repository/Auth/Password'

2023-02-10 12:13:00 - [TEST_STEP][PASSED] - click(findTestObject("Auth/Login button")): Object: 'Object Repository/Auth/Login button' is clicked on

2023-02-10 12:13:03 - [MESSAGE][PASSED] - Object: 'Object Repository/Auth/Login button' is clicked on

2023-02-10 12:13:03 - [TEST_STEP][PASSED] - verifyElementText(findTestObject("Auth/SuperAdmin"), "SuperAdmin"): Actual text and expected text of test object 'Object Repository/Auth/SuperAdmin' are matched.

2023-02-10 12:13:04 - [MESSAGE][PASSED] - Actual text and expected text of test object 'Object Repository/Auth/SuperAdmin' are matched.]]></system-out>
         <system-err><![CDATA[]]></system-err>
      </testcase>
      <testcase name="Test Cases/Dashboard/TC06_View statistik" time="6.091" classname="Test Cases/Dashboard/TC06_View statistik" status="PASSED">
         <system-out><![CDATA[2023-02-10 12:13:04 - [TEST_CASE][PASSED] - Test Cases/Dashboard/TC06_View statistik: Test Cases/Dashboard/TC06_View statistik

2023-02-10 12:13:06 - [TEST_STEP][PASSED] - click(findTestObject("Dashboard/Dashboard")): Object: 'Object Repository/Dashboard/Dashboard' is clicked on

2023-02-10 12:13:07 - [MESSAGE][PASSED] - Object: 'Object Repository/Dashboard/Dashboard' is clicked on

2023-02-10 12:13:07 - [TEST_STEP][PASSED] - verifyElementText(findTestObject("Dashboard/Active Project"), "Active Project"): Actual text and expected text of test object 'Object Repository/Dashboard/Active Project' are matched.

2023-02-10 12:13:08 - [MESSAGE][PASSED] - Actual text and expected text of test object 'Object Repository/Dashboard/Active Project' are matched.

2023-02-10 12:13:08 - [TEST_STEP][PASSED] - verifyElementText(findTestObject("Dashboard/Non-Active Project"), "Non-Active Project"): Actual text and expected text of test object 'Object Repository/Dashboard/Non-Active Project' are matched.

2023-02-10 12:13:09 - [MESSAGE][PASSED] - Actual text and expected text of test object 'Object Repository/Dashboard/Non-Active Project' are matched.

2023-02-10 12:13:09 - [TEST_STEP][PASSED] - verifyElementText(findTestObject("Dashboard/Total Speaker"), "Total Speaker"): Actual text and expected text of test object 'Object Repository/Dashboard/Total Speaker' are matched.

2023-02-10 12:13:09 - [MESSAGE][PASSED] - Actual text and expected text of test object 'Object Repository/Dashboard/Total Speaker' are matched.

2023-02-10 12:13:09 - [TEST_STEP][PASSED] - verifyElementText(findTestObject("Dashboard/Total Agenda"), "Total Agenda"): Actual text and expected text of test object 'Object Repository/Dashboard/Total Agenda' are matched.

2023-02-10 12:13:10 - [MESSAGE][PASSED] - Actual text and expected text of test object 'Object Repository/Dashboard/Total Agenda' are matched.

2023-02-10 12:13:10 - [TEST_STEP][PASSED] - verifyElementText(findTestObject("Dashboard/Project Statistics"), "Project Statistics"): Actual text and expected text of test object 'Object Repository/Dashboard/Project Statistics' are matched.

2023-02-10 12:13:10 - [MESSAGE][PASSED] - Actual text and expected text of test object 'Object Repository/Dashboard/Project Statistics' are matched.]]></system-out>
         <system-err><![CDATA[]]></system-err>
      </testcase>
      <testcase name="Test Cases/Setting/TC07_General setting" time="8.012" classname="Test Cases/Setting/TC07_General setting" status="FAILED">
         <failure type="FAILED" message="Test Cases/Setting/TC07_General setting FAILED.
Reason:
com.kms.katalon.core.exception.StepFailedException: Unable to clear text of object 'Object Repository/Setting/General/About'
	at com.kms.katalon.core.webui.keyword.internal.WebUIKeywordMain.stepFailed(WebUIKeywordMain.groovy:64)
	at com.kms.katalon.core.webui.keyword.internal.WebUIKeywordMain.runKeyword(WebUIKeywordMain.groovy:42)
	at com.kms.katalon.core.webui.keyword.builtin.ClearTextKeyword.clearText(ClearTextKeyword.groovy:61)
	at com.kms.katalon.core.webui.keyword.builtin.ClearTextKeyword.execute(ClearTextKeyword.groovy:34)
	at com.kms.katalon.core.keyword.internal.KeywordExecutor.executeKeywordForPlatform(KeywordExecutor.groovy:74)
	at com.kms.katalon.core.webui.keyword.WebUiBuiltInKeywords.clearText(WebUiBuiltInKeywords.groovy:4903)
	at com.kms.katalon.core.webui.keyword.WebUiBuiltInKeywords$clearText$5.call(Unknown Source)
	at TC07_General setting.run(TC07_General setting:28)
	at com.kms.katalon.core.main.ScriptEngine.run(ScriptEngine.java:194)
	at com.kms.katalon.core.main.ScriptEngine.runScriptAsRawText(ScriptEngine.java:119)
	at com.kms.katalon.core.main.TestCaseExecutor.runScript(TestCaseExecutor.java:448)
	at com.kms.katalon.core.main.TestCaseExecutor.doExecute(TestCaseExecutor.java:439)
	at com.kms.katalon.core.main.TestCaseExecutor.processExecutionPhase(TestCaseExecutor.java:418)
	at com.kms.katalon.core.main.TestCaseExecutor.accessMainPhase(TestCaseExecutor.java:410)
	at com.kms.katalon.core.main.TestCaseExecutor.execute(TestCaseExecutor.java:285)
	at com.kms.katalon.core.common.CommonExecutor.accessTestCaseMainPhase(CommonExecutor.java:65)
	at com.kms.katalon.core.main.TestSuiteExecutor.accessTestSuiteMainPhase(TestSuiteExecutor.java:151)
	at com.kms.katalon.core.main.TestSuiteExecutor.execute(TestSuiteExecutor.java:106)
	at com.kms.katalon.core.main.TestCaseMain.startTestSuite(TestCaseMain.java:185)
	at com.kms.katalon.core.main.TestCaseMain$startTestSuite$0.call(Unknown Source)
	at TempTestSuite1676005934100.run(TempTestSuite1676005934100.groovy:36)
Caused by: org.openqa.selenium.InvalidElementStateException: invalid element state
  (Session info: chrome=110.0.5481.77)
Build info: version: '3.141.59', revision: 'e82be7d358', time: '2018-11-14T08:25:53'
System info: host: 'DESKTOP-O2JTDS3', ip: '192.168.1.5', os.name: 'Windows 10', os.arch: 'amd64', os.version: '10.0', java.version: '1.8.0_282'
Driver info: com.kms.katalon.selenium.driver.CChromeDriver
Capabilities {acceptInsecureCerts: false, browserName: chrome, browserVersion: 110.0.5481.77, chrome: {chromedriverVersion: 109.0.5414.74 (e7c5703604da..., userDataDir: C:\Users\GA502GU\AppData\Lo...}, goog:chromeOptions: {debuggerAddress: localhost:57352}, javascriptEnabled: true, networkConnectionEnabled: false, pageLoadStrategy: normal, platform: WINDOWS, platformName: WINDOWS, proxy: Proxy(), setWindowRect: true, strictFileInteractability: false, timeouts: {implicit: 0, pageLoad: 300000, script: 30000}, unhandledPromptBehavior: dismiss and notify, webauthn:extension:credBlob: true, webauthn:extension:largeBlob: true, webauthn:virtualAuthenticators: true}
Session ID: 3890c6da2bec318820792e0c7fca5527
	at org.openqa.selenium.remote.http.W3CHttpResponseCodec.createException(W3CHttpResponseCodec.java:187)
	at org.openqa.selenium.remote.http.W3CHttpResponseCodec.decode(W3CHttpResponseCodec.java:122)
	at org.openqa.selenium.remote.http.W3CHttpResponseCodec.decode(W3CHttpResponseCodec.java:49)
	at org.openqa.selenium.remote.HttpCommandExecutor.execute(HttpCommandExecutor.java:158)
	at org.openqa.selenium.remote.service.DriverCommandExecutor.execute(DriverCommandExecutor.java:83)
	at org.openqa.selenium.remote.RemoteWebDriver.execute(RemoteWebDriver.java:552)
	at com.kms.katalon.selenium.driver.CChromeDriver.execute(CChromeDriver.java:19)
	at org.openqa.selenium.remote.RemoteWebElement.execute(RemoteWebElement.java:285)
	at org.openqa.selenium.remote.RemoteWebElement.clear(RemoteWebElement.java:124)
	at org.openqa.selenium.support.events.EventFiringWebDriver$EventFiringWebElement.lambda$new$0(EventFiringWebDriver.java:404)
	at com.sun.proxy.$Proxy11.clear(Unknown Source)
	at org.openqa.selenium.support.events.EventFiringWebDriver$EventFiringWebElement.clear(EventFiringWebDriver.java:436)
	at com.kms.katalon.core.webui.keyword.builtin.ClearTextKeyword$_clearText_closure1.doCall(ClearTextKeyword.groovy:46)
	at com.kms.katalon.core.webui.keyword.builtin.ClearTextKeyword$_clearText_closure1.call(ClearTextKeyword.groovy)
	at com.kms.katalon.core.webui.keyword.internal.WebUIKeywordMain.runKeyword(WebUIKeywordMain.groovy:33)
	... 19 more
"/>
         <system-out><![CDATA[2023-02-10 12:13:10 - [TEST_CASE][FAILED] - Test Cases/Setting/TC07_General setting: Test Cases/Setting/TC07_General setting FAILED.
Reason:
com.kms.katalon.core.exception.StepFailedException: Unable to clear text of object 'Object Repository/Setting/General/About'
	at com.kms.katalon.core.webui.keyword.internal.WebUIKeywordMain.stepFailed(WebUIKeywordMain.groovy:64)
	at com.kms.katalon.core.webui.keyword.internal.WebUIKeywordMain.runKeyword(WebUIKeywordMain.groovy:42)
	at com.kms.katalon.core.webui.keyword.builtin.ClearTextKeyword.clearText(ClearTextKeyword.groovy:61)
	at com.kms.katalon.core.webui.keyword.builtin.ClearTextKeyword.execute(ClearTextKeyword.groovy:34)
	at com.kms.katalon.core.keyword.internal.KeywordExecutor.executeKeywordForPlatform(KeywordExecutor.groovy:74)
	at com.kms.katalon.core.webui.keyword.WebUiBuiltInKeywords.clearText(WebUiBuiltInKeywords.groovy:4903)
	at com.kms.katalon.core.webui.keyword.WebUiBuiltInKeywords$clearText$5.call(Unknown Source)
	at TC07_General setting.run(TC07_General setting:28)
	at com.kms.katalon.core.main.ScriptEngine.run(ScriptEngine.java:194)
	at com.kms.katalon.core.main.ScriptEngine.runScriptAsRawText(ScriptEngine.java:119)
	at com.kms.katalon.core.main.TestCaseExecutor.runScript(TestCaseExecutor.java:448)
	at com.kms.katalon.core.main.TestCaseExecutor.doExecute(TestCaseExecutor.java:439)
	at com.kms.katalon.core.main.TestCaseExecutor.processExecutionPhase(TestCaseExecutor.java:418)
	at com.kms.katalon.core.main.TestCaseExecutor.accessMainPhase(TestCaseExecutor.java:410)
	at com.kms.katalon.core.main.TestCaseExecutor.execute(TestCaseExecutor.java:285)
	at com.kms.katalon.core.common.CommonExecutor.accessTestCaseMainPhase(CommonExecutor.java:65)
	at com.kms.katalon.core.main.TestSuiteExecutor.accessTestSuiteMainPhase(TestSuiteExecutor.java:151)
	at com.kms.katalon.core.main.TestSuiteExecutor.execute(TestSuiteExecutor.java:106)
	at com.kms.katalon.core.main.TestCaseMain.startTestSuite(TestCaseMain.java:185)
	at com.kms.katalon.core.main.TestCaseMain$startTestSuite$0.call(Unknown Source)
	at TempTestSuite1676005934100.run(TempTestSuite1676005934100.groovy:36)
Caused by: org.openqa.selenium.InvalidElementStateException: invalid element state
  (Session info: chrome=110.0.5481.77)
Build info: version: '3.141.59', revision: 'e82be7d358', time: '2018-11-14T08:25:53'
System info: host: 'DESKTOP-O2JTDS3', ip: '192.168.1.5', os.name: 'Windows 10', os.arch: 'amd64', os.version: '10.0', java.version: '1.8.0_282'
Driver info: com.kms.katalon.selenium.driver.CChromeDriver
Capabilities {acceptInsecureCerts: false, browserName: chrome, browserVersion: 110.0.5481.77, chrome: {chromedriverVersion: 109.0.5414.74 (e7c5703604da..., userDataDir: C:\Users\GA502GU\AppData\Lo...}, goog:chromeOptions: {debuggerAddress: localhost:57352}, javascriptEnabled: true, networkConnectionEnabled: false, pageLoadStrategy: normal, platform: WINDOWS, platformName: WINDOWS, proxy: Proxy(), setWindowRect: true, strictFileInteractability: false, timeouts: {implicit: 0, pageLoad: 300000, script: 30000}, unhandledPromptBehavior: dismiss and notify, webauthn:extension:credBlob: true, webauthn:extension:largeBlob: true, webauthn:virtualAuthenticators: true}
Session ID: 3890c6da2bec318820792e0c7fca5527
	at org.openqa.selenium.remote.http.W3CHttpResponseCodec.createException(W3CHttpResponseCodec.java:187)
	at org.openqa.selenium.remote.http.W3CHttpResponseCodec.decode(W3CHttpResponseCodec.java:122)
	at org.openqa.selenium.remote.http.W3CHttpResponseCodec.decode(W3CHttpResponseCodec.java:49)
	at org.openqa.selenium.remote.HttpCommandExecutor.execute(HttpCommandExecutor.java:158)
	at org.openqa.selenium.remote.service.DriverCommandExecutor.execute(DriverCommandExecutor.java:83)
	at org.openqa.selenium.remote.RemoteWebDriver.execute(RemoteWebDriver.java:552)
	at com.kms.katalon.selenium.driver.CChromeDriver.execute(CChromeDriver.java:19)
	at org.openqa.selenium.remote.RemoteWebElement.execute(RemoteWebElement.java:285)
	at org.openqa.selenium.remote.RemoteWebElement.clear(RemoteWebElement.java:124)
	at org.openqa.selenium.support.events.EventFiringWebDriver$EventFiringWebElement.lambda$new$0(EventFiringWebDriver.java:404)
	at com.sun.proxy.$Proxy11.clear(Unknown Source)
	at org.openqa.selenium.support.events.EventFiringWebDriver$EventFiringWebElement.clear(EventFiringWebDriver.java:436)
	at com.kms.katalon.core.webui.keyword.builtin.ClearTextKeyword$_clearText_closure1.doCall(ClearTextKeyword.groovy:46)
	at com.kms.katalon.core.webui.keyword.builtin.ClearTextKeyword$_clearText_closure1.call(ClearTextKeyword.groovy)
	at com.kms.katalon.core.webui.keyword.internal.WebUIKeywordMain.runKeyword(WebUIKeywordMain.groovy:33)
	... 19 more


2023-02-10 12:13:12 - [TEST_STEP][PASSED] - click(findTestObject("Setting/General/Setting")): Object: 'Object Repository/Setting/General/Setting' is clicked on

2023-02-10 12:13:13 - [MESSAGE][PASSED] - Object: 'Object Repository/Setting/General/Setting' is clicked on

2023-02-10 12:13:13 - [TEST_STEP][PASSED] - click(findTestObject("Setting/General/General")): Object: 'Object Repository/Setting/General/General' is clicked on

2023-02-10 12:13:16 - [MESSAGE][PASSED] - Object: 'Object Repository/Setting/General/General' is clicked on

2023-02-10 12:13:16 - [TEST_STEP][PASSED] - clearText(findTestObject("Setting/General/Website title")): Text of object 'Object Repository/Setting/General/Website title' is cleared

2023-02-10 12:13:16 - [MESSAGE][PASSED] - Text of object 'Object Repository/Setting/General/Website title' is cleared

2023-02-10 12:13:16 - [TEST_STEP][PASSED] - setText(findTestObject("Setting/General/Website title"), "STIKI TECHNOFEST 6.0"): Text 'STIKI TECHNOFEST 6.0' is set on object 'Object Repository/Setting/General/Website title'

2023-02-10 12:13:17 - [MESSAGE][PASSED] - Text 'STIKI TECHNOFEST 6.0' is set on object 'Object Repository/Setting/General/Website title'

2023-02-10 12:13:17 - [TEST_STEP][FAILED] - clearText(findTestObject("Setting/General/About")): Unable to clear text of object 'Object Repository/Setting/General/About' (Root cause: com.kms.katalon.core.exception.StepFailedException: Unable to clear text of object 'Object Repository/Setting/General/About'
	at com.kms.katalon.core.webui.keyword.internal.WebUIKeywordMain.stepFailed(WebUIKeywordMain.groovy:64)
	at com.kms.katalon.core.webui.keyword.internal.WebUIKeywordMain.runKeyword(WebUIKeywordMain.groovy:42)
	at com.kms.katalon.core.webui.keyword.builtin.ClearTextKeyword.clearText(ClearTextKeyword.groovy:61)
	at com.kms.katalon.core.webui.keyword.builtin.ClearTextKeyword.execute(ClearTextKeyword.groovy:34)
	at com.kms.katalon.core.keyword.internal.KeywordExecutor.executeKeywordForPlatform(KeywordExecutor.groovy:74)
	at com.kms.katalon.core.webui.keyword.WebUiBuiltInKeywords.clearText(WebUiBuiltInKeywords.groovy:4903)
	at com.kms.katalon.core.webui.keyword.WebUiBuiltInKeywords$clearText$5.call(Unknown Source)
	at TC07_General setting.run(TC07_General setting:28)
	at com.kms.katalon.core.main.ScriptEngine.run(ScriptEngine.java:194)
	at com.kms.katalon.core.main.ScriptEngine.runScriptAsRawText(ScriptEngine.java:119)
	at com.kms.katalon.core.main.TestCaseExecutor.runScript(TestCaseExecutor.java:448)
	at com.kms.katalon.core.main.TestCaseExecutor.doExecute(TestCaseExecutor.java:439)
	at com.kms.katalon.core.main.TestCaseExecutor.processExecutionPhase(TestCaseExecutor.java:418)
	at com.kms.katalon.core.main.TestCaseExecutor.accessMainPhase(TestCaseExecutor.java:410)
	at com.kms.katalon.core.main.TestCaseExecutor.execute(TestCaseExecutor.java:285)
	at com.kms.katalon.core.common.CommonExecutor.accessTestCaseMainPhase(CommonExecutor.java:65)
	at com.kms.katalon.core.main.TestSuiteExecutor.accessTestSuiteMainPhase(TestSuiteExecutor.java:151)
	at com.kms.katalon.core.main.TestSuiteExecutor.execute(TestSuiteExecutor.java:106)
	at com.kms.katalon.core.main.TestCaseMain.startTestSuite(TestCaseMain.java:185)
	at com.kms.katalon.core.main.TestCaseMain$startTestSuite$0.call(Unknown Source)
	at TempTestSuite1676005934100.run(TempTestSuite1676005934100.groovy:36)
Caused by: org.openqa.selenium.InvalidElementStateException: invalid element state
  (Session info: chrome=110.0.5481.77)
Build info: version: '3.141.59', revision: 'e82be7d358', time: '2018-11-14T08:25:53'
System info: host: 'DESKTOP-O2JTDS3', ip: '192.168.1.5', os.name: 'Windows 10', os.arch: 'amd64', os.version: '10.0', java.version: '1.8.0_282'
Driver info: com.kms.katalon.selenium.driver.CChromeDriver
Capabilities {acceptInsecureCerts: false, browserName: chrome, browserVersion: 110.0.5481.77, chrome: {chromedriverVersion: 109.0.5414.74 (e7c5703604da..., userDataDir: C:\Users\GA502GU\AppData\Lo...}, goog:chromeOptions: {debuggerAddress: localhost:57352}, javascriptEnabled: true, networkConnectionEnabled: false, pageLoadStrategy: normal, platform: WINDOWS, platformName: WINDOWS, proxy: Proxy(), setWindowRect: true, strictFileInteractability: false, timeouts: {implicit: 0, pageLoad: 300000, script: 30000}, unhandledPromptBehavior: dismiss and notify, webauthn:extension:credBlob: true, webauthn:extension:largeBlob: true, webauthn:virtualAuthenticators: true}
Session ID: 3890c6da2bec318820792e0c7fca5527
	at org.openqa.selenium.remote.http.W3CHttpResponseCodec.createException(W3CHttpResponseCodec.java:187)
	at org.openqa.selenium.remote.http.W3CHttpResponseCodec.decode(W3CHttpResponseCodec.java:122)
	at org.openqa.selenium.remote.http.W3CHttpResponseCodec.decode(W3CHttpResponseCodec.java:49)
	at org.openqa.selenium.remote.HttpCommandExecutor.execute(HttpCommandExecutor.java:158)
	at org.openqa.selenium.remote.service.DriverCommandExecutor.execute(DriverCommandExecutor.java:83)
	at org.openqa.selenium.remote.RemoteWebDriver.execute(RemoteWebDriver.java:552)
	at com.kms.katalon.selenium.driver.CChromeDriver.execute(CChromeDriver.java:19)
	at org.openqa.selenium.remote.RemoteWebElement.execute(RemoteWebElement.java:285)
	at org.openqa.selenium.remote.RemoteWebElement.clear(RemoteWebElement.java:124)
	at org.openqa.selenium.support.events.EventFiringWebDriver$EventFiringWebElement.lambda$new$0(EventFiringWebDriver.java:404)
	at com.sun.proxy.$Proxy11.clear(Unknown Source)
	at org.openqa.selenium.support.events.EventFiringWebDriver$EventFiringWebElement.clear(EventFiringWebDriver.java:436)
	at com.kms.katalon.core.webui.keyword.builtin.ClearTextKeyword$_clearText_closure1.doCall(ClearTextKeyword.groovy:46)
	at com.kms.katalon.core.webui.keyword.builtin.ClearTextKeyword$_clearText_closure1.call(ClearTextKeyword.groovy)
	at com.kms.katalon.core.webui.keyword.internal.WebUIKeywordMain.runKeyword(WebUIKeywordMain.groovy:33)
	at com.kms.katalon.core.webui.keyword.builtin.ClearTextKeyword.clearText(ClearTextKeyword.groovy:61)
	at com.kms.katalon.core.webui.keyword.builtin.ClearTextKeyword.execute(ClearTextKeyword.groovy:34)
	at com.kms.katalon.core.keyword.internal.KeywordExecutor.executeKeywordForPlatform(KeywordExecutor.groovy:74)
	at com.kms.katalon.core.webui.keyword.WebUiBuiltInKeywords.clearText(WebUiBuiltInKeywords.groovy:4903)
	at com.kms.katalon.core.webui.keyword.WebUiBuiltInKeywords$clearText$5.call(Unknown Source)
	at Script1675237123927.run(Script1675237123927.groovy:28)
	... 13 more
)

2023-02-10 12:13:18 - [MESSAGE][FAILED] - Unable to clear text of object 'Object Repository/Setting/General/About' (Root cause: com.kms.katalon.core.exception.StepFailedException: Unable to clear text of object 'Object Repository/Setting/General/About'
	at com.kms.katalon.core.webui.keyword.internal.WebUIKeywordMain.stepFailed(WebUIKeywordMain.groovy:64)
	at com.kms.katalon.core.webui.keyword.internal.WebUIKeywordMain.runKeyword(WebUIKeywordMain.groovy:42)
	at com.kms.katalon.core.webui.keyword.builtin.ClearTextKeyword.clearText(ClearTextKeyword.groovy:61)
	at com.kms.katalon.core.webui.keyword.builtin.ClearTextKeyword.execute(ClearTextKeyword.groovy:34)
	at com.kms.katalon.core.keyword.internal.KeywordExecutor.executeKeywordForPlatform(KeywordExecutor.groovy:74)
	at com.kms.katalon.core.webui.keyword.WebUiBuiltInKeywords.clearText(WebUiBuiltInKeywords.groovy:4903)
	at com.kms.katalon.core.webui.keyword.WebUiBuiltInKeywords$clearText$5.call(Unknown Source)
	at TC07_General setting.run(TC07_General setting:28)
	at com.kms.katalon.core.main.ScriptEngine.run(ScriptEngine.java:194)
	at com.kms.katalon.core.main.ScriptEngine.runScriptAsRawText(ScriptEngine.java:119)
	at com.kms.katalon.core.main.TestCaseExecutor.runScript(TestCaseExecutor.java:448)
	at com.kms.katalon.core.main.TestCaseExecutor.doExecute(TestCaseExecutor.java:439)
	at com.kms.katalon.core.main.TestCaseExecutor.processExecutionPhase(TestCaseExecutor.java:418)
	at com.kms.katalon.core.main.TestCaseExecutor.accessMainPhase(TestCaseExecutor.java:410)
	at com.kms.katalon.core.main.TestCaseExecutor.execute(TestCaseExecutor.java:285)
	at com.kms.katalon.core.common.CommonExecutor.accessTestCaseMainPhase(CommonExecutor.java:65)
	at com.kms.katalon.core.main.TestSuiteExecutor.accessTestSuiteMainPhase(TestSuiteExecutor.java:151)
	at com.kms.katalon.core.main.TestSuiteExecutor.execute(TestSuiteExecutor.java:106)
	at com.kms.katalon.core.main.TestCaseMain.startTestSuite(TestCaseMain.java:185)
	at com.kms.katalon.core.main.TestCaseMain$startTestSuite$0.call(Unknown Source)
	at TempTestSuite1676005934100.run(TempTestSuite1676005934100.groovy:36)
Caused by: org.openqa.selenium.InvalidElementStateException: invalid element state
  (Session info: chrome=110.0.5481.77)
Build info: version: '3.141.59', revision: 'e82be7d358', time: '2018-11-14T08:25:53'
System info: host: 'DESKTOP-O2JTDS3', ip: '192.168.1.5', os.name: 'Windows 10', os.arch: 'amd64', os.version: '10.0', java.version: '1.8.0_282'
Driver info: com.kms.katalon.selenium.driver.CChromeDriver
Capabilities {acceptInsecureCerts: false, browserName: chrome, browserVersion: 110.0.5481.77, chrome: {chromedriverVersion: 109.0.5414.74 (e7c5703604da..., userDataDir: C:\Users\GA502GU\AppData\Lo...}, goog:chromeOptions: {debuggerAddress: localhost:57352}, javascriptEnabled: true, networkConnectionEnabled: false, pageLoadStrategy: normal, platform: WINDOWS, platformName: WINDOWS, proxy: Proxy(), setWindowRect: true, strictFileInteractability: false, timeouts: {implicit: 0, pageLoad: 300000, script: 30000}, unhandledPromptBehavior: dismiss and notify, webauthn:extension:credBlob: true, webauthn:extension:largeBlob: true, webauthn:virtualAuthenticators: true}
Session ID: 3890c6da2bec318820792e0c7fca5527
	at org.openqa.selenium.remote.http.W3CHttpResponseCodec.createException(W3CHttpResponseCodec.java:187)
	at org.openqa.selenium.remote.http.W3CHttpResponseCodec.decode(W3CHttpResponseCodec.java:122)
	at org.openqa.selenium.remote.http.W3CHttpResponseCodec.decode(W3CHttpResponseCodec.java:49)
	at org.openqa.selenium.remote.HttpCommandExecutor.execute(HttpCommandExecutor.java:158)
	at org.openqa.selenium.remote.service.DriverCommandExecutor.execute(DriverCommandExecutor.java:83)
	at org.openqa.selenium.remote.RemoteWebDriver.execute(RemoteWebDriver.java:552)
	at com.kms.katalon.selenium.driver.CChromeDriver.execute(CChromeDriver.java:19)
	at org.openqa.selenium.remote.RemoteWebElement.execute(RemoteWebElement.java:285)
	at org.openqa.selenium.remote.RemoteWebElement.clear(RemoteWebElement.java:124)
	at org.openqa.selenium.support.events.EventFiringWebDriver$EventFiringWebElement.lambda$new$0(EventFiringWebDriver.java:404)
	at com.sun.proxy.$Proxy11.clear(Unknown Source)
	at org.openqa.selenium.support.events.EventFiringWebDriver$EventFiringWebElement.clear(EventFiringWebDriver.java:436)
	at com.kms.katalon.core.webui.keyword.builtin.ClearTextKeyword$_clearText_closure1.doCall(ClearTextKeyword.groovy:46)
	at com.kms.katalon.core.webui.keyword.builtin.ClearTextKeyword$_clearText_closure1.call(ClearTextKeyword.groovy)
	at com.kms.katalon.core.webui.keyword.internal.WebUIKeywordMain.runKeyword(WebUIKeywordMain.groovy:33)
	at com.kms.katalon.core.webui.keyword.builtin.ClearTextKeyword.clearText(ClearTextKeyword.groovy:61)
	at com.kms.katalon.core.webui.keyword.builtin.ClearTextKeyword.execute(ClearTextKeyword.groovy:34)
	at com.kms.katalon.core.keyword.internal.KeywordExecutor.executeKeywordForPlatform(KeywordExecutor.groovy:74)
	at com.kms.katalon.core.webui.keyword.WebUiBuiltInKeywords.clearText(WebUiBuiltInKeywords.groovy:4903)
	at com.kms.katalon.core.webui.keyword.WebUiBuiltInKeywords$clearText$5.call(Unknown Source)
	at Script1675237123927.run(Script1675237123927.groovy:28)
	... 13 more
)
[[ATTACHMENT|C:\\Users\\GA502GU\\Katalon Studio\\TechnofestAdmin5\\Reports\\20230210_121214\\TS01_TechnofestAdmin\\20230210_121214\\1676005998571.png]]]]></system-out>
         <system-err><![CDATA[2023-02-10 12:13:10 - [TEST_CASE][FAILED] - Test Cases/Setting/TC07_General setting: Test Cases/Setting/TC07_General setting FAILED.
Reason:
com.kms.katalon.core.exception.StepFailedException: Unable to clear text of object 'Object Repository/Setting/General/About'
	at com.kms.katalon.core.webui.keyword.internal.WebUIKeywordMain.stepFailed(WebUIKeywordMain.groovy:64)
	at com.kms.katalon.core.webui.keyword.internal.WebUIKeywordMain.runKeyword(WebUIKeywordMain.groovy:42)
	at com.kms.katalon.core.webui.keyword.builtin.ClearTextKeyword.clearText(ClearTextKeyword.groovy:61)
	at com.kms.katalon.core.webui.keyword.builtin.ClearTextKeyword.execute(ClearTextKeyword.groovy:34)
	at com.kms.katalon.core.keyword.internal.KeywordExecutor.executeKeywordForPlatform(KeywordExecutor.groovy:74)
	at com.kms.katalon.core.webui.keyword.WebUiBuiltInKeywords.clearText(WebUiBuiltInKeywords.groovy:4903)
	at com.kms.katalon.core.webui.keyword.WebUiBuiltInKeywords$clearText$5.call(Unknown Source)
	at TC07_General setting.run(TC07_General setting:28)
	at com.kms.katalon.core.main.ScriptEngine.run(ScriptEngine.java:194)
	at com.kms.katalon.core.main.ScriptEngine.runScriptAsRawText(ScriptEngine.java:119)
	at com.kms.katalon.core.main.TestCaseExecutor.runScript(TestCaseExecutor.java:448)
	at com.kms.katalon.core.main.TestCaseExecutor.doExecute(TestCaseExecutor.java:439)
	at com.kms.katalon.core.main.TestCaseExecutor.processExecutionPhase(TestCaseExecutor.java:418)
	at com.kms.katalon.core.main.TestCaseExecutor.accessMainPhase(TestCaseExecutor.java:410)
	at com.kms.katalon.core.main.TestCaseExecutor.execute(TestCaseExecutor.java:285)
	at com.kms.katalon.core.common.CommonExecutor.accessTestCaseMainPhase(CommonExecutor.java:65)
	at com.kms.katalon.core.main.TestSuiteExecutor.accessTestSuiteMainPhase(TestSuiteExecutor.java:151)
	at com.kms.katalon.core.main.TestSuiteExecutor.execute(TestSuiteExecutor.java:106)
	at com.kms.katalon.core.main.TestCaseMain.startTestSuite(TestCaseMain.java:185)
	at com.kms.katalon.core.main.TestCaseMain$startTestSuite$0.call(Unknown Source)
	at TempTestSuite1676005934100.run(TempTestSuite1676005934100.groovy:36)
Caused by: org.openqa.selenium.InvalidElementStateException: invalid element state
  (Session info: chrome=110.0.5481.77)
Build info: version: '3.141.59', revision: 'e82be7d358', time: '2018-11-14T08:25:53'
System info: host: 'DESKTOP-O2JTDS3', ip: '192.168.1.5', os.name: 'Windows 10', os.arch: 'amd64', os.version: '10.0', java.version: '1.8.0_282'
Driver info: com.kms.katalon.selenium.driver.CChromeDriver
Capabilities {acceptInsecureCerts: false, browserName: chrome, browserVersion: 110.0.5481.77, chrome: {chromedriverVersion: 109.0.5414.74 (e7c5703604da..., userDataDir: C:\Users\GA502GU\AppData\Lo...}, goog:chromeOptions: {debuggerAddress: localhost:57352}, javascriptEnabled: true, networkConnectionEnabled: false, pageLoadStrategy: normal, platform: WINDOWS, platformName: WINDOWS, proxy: Proxy(), setWindowRect: true, strictFileInteractability: false, timeouts: {implicit: 0, pageLoad: 300000, script: 30000}, unhandledPromptBehavior: dismiss and notify, webauthn:extension:credBlob: true, webauthn:extension:largeBlob: true, webauthn:virtualAuthenticators: true}
Session ID: 3890c6da2bec318820792e0c7fca5527
	at org.openqa.selenium.remote.http.W3CHttpResponseCodec.createException(W3CHttpResponseCodec.java:187)
	at org.openqa.selenium.remote.http.W3CHttpResponseCodec.decode(W3CHttpResponseCodec.java:122)
	at org.openqa.selenium.remote.http.W3CHttpResponseCodec.decode(W3CHttpResponseCodec.java:49)
	at org.openqa.selenium.remote.HttpCommandExecutor.execute(HttpCommandExecutor.java:158)
	at org.openqa.selenium.remote.service.DriverCommandExecutor.execute(DriverCommandExecutor.java:83)
	at org.openqa.selenium.remote.RemoteWebDriver.execute(RemoteWebDriver.java:552)
	at com.kms.katalon.selenium.driver.CChromeDriver.execute(CChromeDriver.java:19)
	at org.openqa.selenium.remote.RemoteWebElement.execute(RemoteWebElement.java:285)
	at org.openqa.selenium.remote.RemoteWebElement.clear(RemoteWebElement.java:124)
	at org.openqa.selenium.support.events.EventFiringWebDriver$EventFiringWebElement.lambda$new$0(EventFiringWebDriver.java:404)
	at com.sun.proxy.$Proxy11.clear(Unknown Source)
	at org.openqa.selenium.support.events.EventFiringWebDriver$EventFiringWebElement.clear(EventFiringWebDriver.java:436)
	at com.kms.katalon.core.webui.keyword.builtin.ClearTextKeyword$_clearText_closure1.doCall(ClearTextKeyword.groovy:46)
	at com.kms.katalon.core.webui.keyword.builtin.ClearTextKeyword$_clearText_closure1.call(ClearTextKeyword.groovy)
	at com.kms.katalon.core.webui.keyword.internal.WebUIKeywordMain.runKeyword(WebUIKeywordMain.groovy:33)
	... 19 more]]></system-err>
      </testcase>
      <testcase name="Test Cases/Setting/TC08_View role" time="4.86" classname="Test Cases/Setting/TC08_View role" status="PASSED">
         <system-out><![CDATA[2023-02-10 12:13:18 - [TEST_CASE][PASSED] - Test Cases/Setting/TC08_View role: Test Cases/Setting/TC08_View role

2023-02-10 12:13:20 - [TEST_STEP][PASSED] - scrollToElement(findTestObject("Setting/Role/logo"), 0): Scroll to object 'Object Repository/Setting/Role/logo' successfully

2023-02-10 12:13:20 - [MESSAGE][WARNING] - Timeout '0' is invalid. Using default page load timeout: '30'

2023-02-10 12:13:20 - [MESSAGE][PASSED] - Scroll to object 'Object Repository/Setting/Role/logo' successfully

2023-02-10 12:13:20 - [TEST_STEP][PASSED] - click(findTestObject("Setting/Role/Role")): Object: 'Object Repository/Setting/Role/Role' is clicked on

2023-02-10 12:13:21 - [MESSAGE][PASSED] - Object: 'Object Repository/Setting/Role/Role' is clicked on

2023-02-10 12:13:21 - [TEST_STEP][PASSED] - setText(findTestObject("Setting/Role/Search"), "admin"): Text 'admin' is set on object 'Object Repository/Setting/Role/Search'

2023-02-10 12:13:22 - [MESSAGE][PASSED] - Text 'admin' is set on object 'Object Repository/Setting/Role/Search'

2023-02-10 12:13:22 - [TEST_STEP][PASSED] - verifyElementText(findTestObject("Setting/Role/Superadmin"), "Superadmin"): Actual text and expected text of test object 'Object Repository/Setting/Role/Superadmin' are matched.

2023-02-10 12:13:23 - [MESSAGE][PASSED] - Actual text and expected text of test object 'Object Repository/Setting/Role/Superadmin' are matched.]]></system-out>
         <system-err><![CDATA[]]></system-err>
      </testcase>
      <testcase name="Test Cases/Setting/TC09_Add semester" time="10.974" classname="Test Cases/Setting/TC09_Add semester" status="PASSED">
         <system-out><![CDATA[2023-02-10 12:13:23 - [TEST_CASE][PASSED] - Test Cases/Setting/TC09_Add semester: Test Cases/Setting/TC09_Add semester

2023-02-10 12:13:24 - [TEST_STEP][PASSED] - click(findTestObject("Setting/Semester/Add semester/Semester 2")): Object: 'Object Repository/Setting/Semester/Add semester/Semester 2' is clicked on

2023-02-10 12:13:26 - [MESSAGE][PASSED] - Object: 'Object Repository/Setting/Semester/Add semester/Semester 2' is clicked on

2023-02-10 12:13:26 - [TEST_STEP][PASSED] - click(findTestObject("Setting/Semester/Add semester/Add Data")): Object: 'Object Repository/Setting/Semester/Add semester/Add Data' is clicked on

2023-02-10 12:13:27 - [MESSAGE][PASSED] - Object: 'Object Repository/Setting/Semester/Add semester/Add Data' is clicked on

2023-02-10 12:13:27 - [TEST_STEP][PASSED] - verifyElementText(findTestObject("Setting/Semester/Add semester/Create Semester"), "Create Semester"): Actual text and expected text of test object 'Object Repository/Setting/Semester/Add semester/Create Semester' are matched.

2023-02-10 12:13:27 - [MESSAGE][PASSED] - Actual text and expected text of test object 'Object Repository/Setting/Semester/Add semester/Create Semester' are matched.

2023-02-10 12:13:27 - [TEST_STEP][PASSED] - setText(findTestObject("Setting/Semester/Add semester/Semester (1)"), "Ganjil 2024/2025"): Text 'Ganjil 2024/2025' is set on object 'Object Repository/Setting/Semester/Add semester/Semester (1)'

2023-02-10 12:13:28 - [MESSAGE][PASSED] - Text 'Ganjil 2024/2025' is set on object 'Object Repository/Setting/Semester/Add semester/Semester (1)'

2023-02-10 12:13:28 - [TEST_STEP][PASSED] - setText(findTestObject("Setting/Semester/Add semester/Title"), "Test TECHNOFEST add"): Text 'Test TECHNOFEST add' is set on object 'Object Repository/Setting/Semester/Add semester/Title'

2023-02-10 12:13:29 - [MESSAGE][PASSED] - Text 'Test TECHNOFEST add' is set on object 'Object Repository/Setting/Semester/Add semester/Title'

2023-02-10 12:13:29 - [TEST_STEP][PASSED] - setText(findTestObject("Setting/Semester/Add semester/Position"), "6"): Text '6' is set on object 'Object Repository/Setting/Semester/Add semester/Position'

2023-02-10 12:13:30 - [MESSAGE][PASSED] - Text '6' is set on object 'Object Repository/Setting/Semester/Add semester/Position'

2023-02-10 12:13:30 - [TEST_STEP][PASSED] - click(findTestObject("Setting/Semester/Add semester/Visibility")): Object: 'Object Repository/Setting/Semester/Add semester/Visibility' is clicked on

2023-02-10 12:13:31 - [MESSAGE][PASSED] - Object: 'Object Repository/Setting/Semester/Add semester/Visibility' is clicked on

2023-02-10 12:13:31 - [TEST_STEP][PASSED] - setText(findTestObject("Setting/Semester/Add semester/Visibility search"), "hidden"): Text 'hidden' is set on object 'Object Repository/Setting/Semester/Add semester/Visibility search'

2023-02-10 12:13:32 - [MESSAGE][PASSED] - Text 'hidden' is set on object 'Object Repository/Setting/Semester/Add semester/Visibility search'

2023-02-10 12:13:32 - [TEST_STEP][PASSED] - sendKeys(findTestObject("Setting/Semester/Add semester/Visibility search"), Keys.chord(ENTER)): Keys 'ENTER + ' sent to object: 'Object Repository/Setting/Semester/Add semester/Visibility search'

2023-02-10 12:13:32 - [MESSAGE][PASSED] - Keys 'ENTER + ' sent to object: 'Object Repository/Setting/Semester/Add semester/Visibility search'

2023-02-10 12:13:32 - [TEST_STEP][PASSED] - click(findTestObject("Setting/Semester/Add semester/Submit button")): Object: 'Object Repository/Setting/Semester/Add semester/Submit button' is clicked on

2023-02-10 12:13:34 - [MESSAGE][PASSED] - Object: 'Object Repository/Setting/Semester/Add semester/Submit button' is clicked on]]></system-out>
         <system-err><![CDATA[]]></system-err>
      </testcase>
      <testcase name="Test Cases/Setting/TC10_Add semester tanpa mengisi form" time="7.229" classname="Test Cases/Setting/TC10_Add semester tanpa mengisi form" status="PASSED">
         <system-out><![CDATA[2023-02-10 12:13:34 - [TEST_CASE][PASSED] - Test Cases/Setting/TC10_Add semester tanpa mengisi form: Test Cases/Setting/TC10_Add semester tanpa mengisi form

2023-02-10 12:13:36 - [TEST_STEP][PASSED] - click(findTestObject("Setting/Semester/Add semester/Semester 2")): Object: 'Object Repository/Setting/Semester/Add semester/Semester 2' is clicked on

2023-02-10 12:13:39 - [MESSAGE][PASSED] - Object: 'Object Repository/Setting/Semester/Add semester/Semester 2' is clicked on

2023-02-10 12:13:39 - [TEST_STEP][PASSED] - click(findTestObject("Setting/Semester/Add semester/Add Data")): Object: 'Object Repository/Setting/Semester/Add semester/Add Data' is clicked on

2023-02-10 12:13:40 - [MESSAGE][PASSED] - Object: 'Object Repository/Setting/Semester/Add semester/Add Data' is clicked on

2023-02-10 12:13:40 - [TEST_STEP][PASSED] - verifyElementText(findTestObject("Setting/Semester/Add semester/Create Semester"), "Create Semester"): Actual text and expected text of test object 'Object Repository/Setting/Semester/Add semester/Create Semester' are matched.

2023-02-10 12:13:41 - [MESSAGE][PASSED] - Actual text and expected text of test object 'Object Repository/Setting/Semester/Add semester/Create Semester' are matched.

2023-02-10 12:13:41 - [TEST_STEP][PASSED] - click(findTestObject("Setting/Semester/Add semester/Submit button")): Object: 'Object Repository/Setting/Semester/Add semester/Submit button' is clicked on

2023-02-10 12:13:41 - [MESSAGE][PASSED] - Object: 'Object Repository/Setting/Semester/Add semester/Submit button' is clicked on

2023-02-10 12:13:41 - [TEST_STEP][PASSED] - back(): Navigate back successfully

2023-02-10 12:13:42 - [MESSAGE][PASSED] - Navigate back successfully]]></system-out>
         <system-err><![CDATA[]]></system-err>
      </testcase>
      <testcase name="Test Cases/Setting/TC11_View semester" time="3.225" classname="Test Cases/Setting/TC11_View semester" status="PASSED">
         <system-out><![CDATA[2023-02-10 12:13:42 - [TEST_CASE][PASSED] - Test Cases/Setting/TC11_View semester: Test Cases/Setting/TC11_View semester

2023-02-10 12:13:43 - [TEST_STEP][PASSED] - setText(findTestObject("Setting/Semester/View semester/Search"), "5.0"): Text '5.0' is set on object 'Object Repository/Setting/Semester/View semester/Search'

2023-02-10 12:13:44 - [MESSAGE][PASSED] - Text '5.0' is set on object 'Object Repository/Setting/Semester/View semester/Search'

2023-02-10 12:13:44 - [TEST_STEP][PASSED] - verifyElementText(findTestObject("Setting/Semester/View semester/TECHNOFEST 5.0"), "TECHNOFEST 5.0"): Actual text and expected text of test object 'Object Repository/Setting/Semester/View semester/TECHNOFEST 5.0' are matched.

2023-02-10 12:13:45 - [MESSAGE][PASSED] - Actual text and expected text of test object 'Object Repository/Setting/Semester/View semester/TECHNOFEST 5.0' are matched.]]></system-out>
         <system-err><![CDATA[]]></system-err>
      </testcase>
      <testcase name="Test Cases/Setting/TC12_Edit semester" time="11.909" classname="Test Cases/Setting/TC12_Edit semester" status="PASSED">
         <system-out><![CDATA[2023-02-10 12:13:45 - [TEST_CASE][PASSED] - Test Cases/Setting/TC12_Edit semester: Test Cases/Setting/TC12_Edit semester

2023-02-10 12:13:46 - [TEST_STEP][PASSED] - click(findTestObject("Setting/Semester/Add semester/Semester 2")): Object: 'Object Repository/Setting/Semester/Add semester/Semester 2' is clicked on

2023-02-10 12:13:47 - [MESSAGE][PASSED] - Object: 'Object Repository/Setting/Semester/Add semester/Semester 2' is clicked on

2023-02-10 12:13:47 - [TEST_STEP][PASSED] - setText(findTestObject("Setting/Semester/Edit semester/Search"), "edit"): Text 'edit' is set on object 'Object Repository/Setting/Semester/Edit semester/Search'

2023-02-10 12:13:48 - [MESSAGE][PASSED] - Text 'edit' is set on object 'Object Repository/Setting/Semester/Edit semester/Search'

2023-02-10 12:13:48 - [TEST_STEP][PASSED] - click(findTestObject("Setting/Semester/Edit semester/Edit button")): Object: 'Object Repository/Setting/Semester/Edit semester/Edit button' is clicked on

2023-02-10 12:13:50 - [MESSAGE][PASSED] - Object: 'Object Repository/Setting/Semester/Edit semester/Edit button' is clicked on

2023-02-10 12:13:50 - [TEST_STEP][PASSED] - verifyElementText(findTestObject("Setting/Semester/Edit semester/Update Semester test"), "Update Semester Test"): Actual text and expected text of test object 'Object Repository/Setting/Semester/Edit semester/Update Semester test' are matched.

2023-02-10 12:13:50 - [MESSAGE][PASSED] - Actual text and expected text of test object 'Object Repository/Setting/Semester/Edit semester/Update Semester test' are matched.

2023-02-10 12:13:50 - [TEST_STEP][PASSED] - clearText(findTestObject("Setting/Semester/Edit semester/Edit semester")): Text of object 'Object Repository/Setting/Semester/Edit semester/Edit semester' is cleared

2023-02-10 12:13:51 - [MESSAGE][PASSED] - Text of object 'Object Repository/Setting/Semester/Edit semester/Edit semester' is cleared

2023-02-10 12:13:51 - [TEST_STEP][PASSED] - setText(findTestObject("Setting/Semester/Edit semester/Edit semester"), "Genap 2026/2027"): Text 'Genap 2026/2027' is set on object 'Object Repository/Setting/Semester/Edit semester/Edit semester'

2023-02-10 12:13:52 - [MESSAGE][PASSED] - Text 'Genap 2026/2027' is set on object 'Object Repository/Setting/Semester/Edit semester/Edit semester'

2023-02-10 12:13:52 - [TEST_STEP][PASSED] - clearText(findTestObject("Setting/Semester/Edit semester/Edit title")): Text of object 'Object Repository/Setting/Semester/Edit semester/Edit title' is cleared

2023-02-10 12:13:52 - [MESSAGE][PASSED] - Text of object 'Object Repository/Setting/Semester/Edit semester/Edit title' is cleared

2023-02-10 12:13:52 - [TEST_STEP][PASSED] - setText(findTestObject("Setting/Semester/Edit semester/Edit title"), "Test TECHNOFEST edit baru"): Text 'Test TECHNOFEST edit baru' is set on object 'Object Repository/Setting/Semester/Edit semester/Edit title'

2023-02-10 12:13:53 - [MESSAGE][PASSED] - Text 'Test TECHNOFEST edit baru' is set on object 'Object Repository/Setting/Semester/Edit semester/Edit title'

2023-02-10 12:13:53 - [TEST_STEP][PASSED] - clearText(findTestObject("Setting/Semester/Edit semester/Edit position")): Text of object 'Object Repository/Setting/Semester/Edit semester/Edit position' is cleared

2023-02-10 12:13:54 - [MESSAGE][PASSED] - Text of object 'Object Repository/Setting/Semester/Edit semester/Edit position' is cleared

2023-02-10 12:13:54 - [TEST_STEP][PASSED] - setText(findTestObject("Setting/Semester/Edit semester/Edit position"), "16"): Text '16' is set on object 'Object Repository/Setting/Semester/Edit semester/Edit position'

2023-02-10 12:13:55 - [MESSAGE][PASSED] - Text '16' is set on object 'Object Repository/Setting/Semester/Edit semester/Edit position'

2023-02-10 12:13:55 - [TEST_STEP][PASSED] - click(findTestObject("Setting/Semester/Edit semester/Submit button")): Object: 'Object Repository/Setting/Semester/Edit semester/Submit button' is clicked on

2023-02-10 12:13:57 - [MESSAGE][PASSED] - Object: 'Object Repository/Setting/Semester/Edit semester/Submit button' is clicked on]]></system-out>
         <system-err><![CDATA[]]></system-err>
      </testcase>
      <testcase name="Test Cases/Setting/TC13_Edit semester tanpa mengisi form" time="10.133" classname="Test Cases/Setting/TC13_Edit semester tanpa mengisi form" status="PASSED">
         <system-out><![CDATA[2023-02-10 12:13:57 - [TEST_CASE][PASSED] - Test Cases/Setting/TC13_Edit semester tanpa mengisi form: Test Cases/Setting/TC13_Edit semester tanpa mengisi form

2023-02-10 12:13:58 - [TEST_STEP][PASSED] - click(findTestObject("Setting/Semester/Add semester/Semester 2")): Object: 'Object Repository/Setting/Semester/Add semester/Semester 2' is clicked on

2023-02-10 12:14:02 - [MESSAGE][PASSED] - Object: 'Object Repository/Setting/Semester/Add semester/Semester 2' is clicked on

2023-02-10 12:14:02 - [TEST_STEP][PASSED] - setText(findTestObject("Setting/Semester/Edit semester/Search"), "edit baru"): Text 'edit baru' is set on object 'Object Repository/Setting/Semester/Edit semester/Search'

2023-02-10 12:14:03 - [MESSAGE][PASSED] - Text 'edit baru' is set on object 'Object Repository/Setting/Semester/Edit semester/Search'

2023-02-10 12:14:03 - [TEST_STEP][PASSED] - click(findTestObject("Setting/Semester/Edit semester/Edit button")): Object: 'Object Repository/Setting/Semester/Edit semester/Edit button' is clicked on

2023-02-10 12:14:04 - [MESSAGE][PASSED] - Object: 'Object Repository/Setting/Semester/Edit semester/Edit button' is clicked on

2023-02-10 12:14:04 - [TEST_STEP][PASSED] - clearText(findTestObject("Setting/Semester/Edit semester/Edit semester")): Text of object 'Object Repository/Setting/Semester/Edit semester/Edit semester' is cleared

2023-02-10 12:14:05 - [MESSAGE][PASSED] - Text of object 'Object Repository/Setting/Semester/Edit semester/Edit semester' is cleared

2023-02-10 12:14:05 - [TEST_STEP][PASSED] - clearText(findTestObject("Setting/Semester/Edit semester/Edit title")): Text of object 'Object Repository/Setting/Semester/Edit semester/Edit title' is cleared

2023-02-10 12:14:06 - [MESSAGE][PASSED] - Text of object 'Object Repository/Setting/Semester/Edit semester/Edit title' is cleared

2023-02-10 12:14:06 - [TEST_STEP][PASSED] - clearText(findTestObject("Setting/Semester/Edit semester/Edit position")): Text of object 'Object Repository/Setting/Semester/Edit semester/Edit position' is cleared

2023-02-10 12:14:06 - [MESSAGE][PASSED] - Text of object 'Object Repository/Setting/Semester/Edit semester/Edit position' is cleared

2023-02-10 12:14:06 - [TEST_STEP][PASSED] - click(findTestObject("Setting/Semester/Edit semester/Submit button")): Object: 'Object Repository/Setting/Semester/Edit semester/Submit button' is clicked on

2023-02-10 12:14:07 - [MESSAGE][PASSED] - Object: 'Object Repository/Setting/Semester/Edit semester/Submit button' is clicked on

2023-02-10 12:14:07 - [TEST_STEP][PASSED] - back(): Navigate back successfully

2023-02-10 12:14:07 - [MESSAGE][PASSED] - Navigate back successfully]]></system-out>
         <system-err><![CDATA[]]></system-err>
      </testcase>
      <testcase name="Test Cases/Setting/TC14_Delete semester" time="6.383" classname="Test Cases/Setting/TC14_Delete semester" status="PASSED">
         <system-out><![CDATA[2023-02-10 12:14:07 - [TEST_CASE][PASSED] - Test Cases/Setting/TC14_Delete semester: Test Cases/Setting/TC14_Delete semester

2023-02-10 12:14:08 - [TEST_STEP][PASSED] - click(findTestObject("Setting/Semester/Add semester/Semester 2")): Object: 'Object Repository/Setting/Semester/Add semester/Semester 2' is clicked on

2023-02-10 12:14:09 - [MESSAGE][PASSED] - Object: 'Object Repository/Setting/Semester/Add semester/Semester 2' is clicked on

2023-02-10 12:14:09 - [TEST_STEP][PASSED] - setText(findTestObject("Setting/Semester/Delete semester/Search"), "delete"): Text 'delete' is set on object 'Object Repository/Setting/Semester/Delete semester/Search'

2023-02-10 12:14:10 - [MESSAGE][PASSED] - Text 'delete' is set on object 'Object Repository/Setting/Semester/Delete semester/Search'

2023-02-10 12:14:10 - [TEST_STEP][PASSED] - click(findTestObject("z test/Delete3/Delete button semester")): Object: 'Object Repository/z test/Delete3/Delete button semester' is clicked on

2023-02-10 12:14:12 - [MESSAGE][PASSED] - Object: 'Object Repository/z test/Delete3/Delete button semester' is clicked on

2023-02-10 12:14:12 - [TEST_STEP][PASSED] - click(findTestObject("Setting/Semester/Delete semester/Yes button")): Object: 'Object Repository/Setting/Semester/Delete semester/Yes button' is clicked on

2023-02-10 12:14:13 - [MESSAGE][PASSED] - Object: 'Object Repository/Setting/Semester/Delete semester/Yes button' is clicked on]]></system-out>
         <system-err><![CDATA[]]></system-err>
      </testcase>
      <testcase name="Test Cases/Setting/TC15_Add category" time="9.282" classname="Test Cases/Setting/TC15_Add category" status="PASSED">
         <system-out><![CDATA[2023-02-10 12:14:13 - [TEST_CASE][PASSED] - Test Cases/Setting/TC15_Add category: Test Cases/Setting/TC15_Add category

2023-02-10 12:14:15 - [TEST_STEP][PASSED] - click(findTestObject("Setting/Category/Add category/Category")): Object: 'Object Repository/Setting/Category/Add category/Category' is clicked on

2023-02-10 12:14:18 - [MESSAGE][PASSED] - Object: 'Object Repository/Setting/Category/Add category/Category' is clicked on

2023-02-10 12:14:18 - [TEST_STEP][PASSED] - click(findTestObject("Setting/Category/Add category/Add Data")): Object: 'Object Repository/Setting/Category/Add category/Add Data' is clicked on

2023-02-10 12:14:19 - [MESSAGE][PASSED] - Object: 'Object Repository/Setting/Category/Add category/Add Data' is clicked on

2023-02-10 12:14:19 - [TEST_STEP][PASSED] - verifyElementText(findTestObject("Setting/Category/Add category/Create Category"), "Create Category"): Actual text and expected text of test object 'Object Repository/Setting/Category/Add category/Create Category' are matched.

2023-02-10 12:14:20 - [MESSAGE][PASSED] - Actual text and expected text of test object 'Object Repository/Setting/Category/Add category/Create Category' are matched.

2023-02-10 12:14:20 - [TEST_STEP][PASSED] - setText(findTestObject("Setting/Category/Add category/Category title"), "Test category add"): Text 'Test category add' is set on object 'Object Repository/Setting/Category/Add category/Category title'

2023-02-10 12:14:21 - [MESSAGE][PASSED] - Text 'Test category add' is set on object 'Object Repository/Setting/Category/Add category/Category title'

2023-02-10 12:14:21 - [TEST_STEP][PASSED] - click(findTestObject("Setting/Category/Add category/Submit button")): Object: 'Object Repository/Setting/Category/Add category/Submit button' is clicked on

2023-02-10 12:14:23 - [MESSAGE][PASSED] - Object: 'Object Repository/Setting/Category/Add category/Submit button' is clicked on]]></system-out>
         <system-err><![CDATA[]]></system-err>
      </testcase>
      <testcase name="Test Cases/Setting/TC16_Add category tanpa mengisi form" time="7.299" classname="Test Cases/Setting/TC16_Add category tanpa mengisi form" status="PASSED">
         <system-out><![CDATA[2023-02-10 12:14:23 - [TEST_CASE][PASSED] - Test Cases/Setting/TC16_Add category tanpa mengisi form: Test Cases/Setting/TC16_Add category tanpa mengisi form

2023-02-10 12:14:24 - [TEST_STEP][PASSED] - click(findTestObject("Setting/Category/Add category/Category")): Object: 'Object Repository/Setting/Category/Add category/Category' is clicked on

2023-02-10 12:14:27 - [MESSAGE][PASSED] - Object: 'Object Repository/Setting/Category/Add category/Category' is clicked on

2023-02-10 12:14:27 - [TEST_STEP][PASSED] - click(findTestObject("Setting/Category/Add category/Add Data")): Object: 'Object Repository/Setting/Category/Add category/Add Data' is clicked on

2023-02-10 12:14:29 - [MESSAGE][PASSED] - Object: 'Object Repository/Setting/Category/Add category/Add Data' is clicked on

2023-02-10 12:14:29 - [TEST_STEP][PASSED] - verifyElementText(findTestObject("Setting/Category/Add category/Create Category"), "Create Category"): Actual text and expected text of test object 'Object Repository/Setting/Category/Add category/Create Category' are matched.

2023-02-10 12:14:29 - [MESSAGE][PASSED] - Actual text and expected text of test object 'Object Repository/Setting/Category/Add category/Create Category' are matched.

2023-02-10 12:14:29 - [TEST_STEP][PASSED] - click(findTestObject("Setting/Category/Add category/Submit button")): Object: 'Object Repository/Setting/Category/Add category/Submit button' is clicked on

2023-02-10 12:14:30 - [MESSAGE][PASSED] - Object: 'Object Repository/Setting/Category/Add category/Submit button' is clicked on

2023-02-10 12:14:30 - [TEST_STEP][PASSED] - back(): Navigate back successfully

2023-02-10 12:14:30 - [MESSAGE][PASSED] - Navigate back successfully]]></system-out>
         <system-err><![CDATA[]]></system-err>
      </testcase>
      <testcase name="Test Cases/Setting/TC17_View category" time="2.486" classname="Test Cases/Setting/TC17_View category" status="PASSED">
         <system-out><![CDATA[2023-02-10 12:14:30 - [TEST_CASE][PASSED] - Test Cases/Setting/TC17_View category: Test Cases/Setting/TC17_View category

2023-02-10 12:14:31 - [TEST_STEP][PASSED] - setText(findTestObject("Setting/Category/View category/Search"), "Game Application"): Text 'Game Application' is set on object 'Object Repository/Setting/Category/View category/Search'

2023-02-10 12:14:32 - [MESSAGE][PASSED] - Text 'Game Application' is set on object 'Object Repository/Setting/Category/View category/Search'

2023-02-10 12:14:32 - [TEST_STEP][PASSED] - verifyElementText(findTestObject("Setting/Category/View category/Game Application"), "Game Application"): Actual text and expected text of test object 'Object Repository/Setting/Category/View category/Game Application' are matched.

2023-02-10 12:14:32 - [MESSAGE][PASSED] - Actual text and expected text of test object 'Object Repository/Setting/Category/View category/Game Application' are matched.]]></system-out>
         <system-err><![CDATA[]]></system-err>
      </testcase>
      <testcase name="Test Cases/Setting/TC18_Edit category" time="33.234" classname="Test Cases/Setting/TC18_Edit category" status="FAILED">
         <failure type="FAILED" message="Test Cases/Setting/TC18_Edit category FAILED.
Reason:
com.kms.katalon.core.exception.StepFailedException: Unable to click on object 'Object Repository/Setting/Category/Edit category/Edit button'
	at com.kms.katalon.core.webui.keyword.internal.WebUIKeywordMain.stepFailed(WebUIKeywordMain.groovy:64)
	at com.kms.katalon.core.webui.keyword.internal.WebUIKeywordMain.runKeyword(WebUIKeywordMain.groovy:26)
	at com.kms.katalon.core.webui.keyword.builtin.ClickKeyword.click(ClickKeyword.groovy:74)
	at com.kms.katalon.core.webui.keyword.builtin.ClickKeyword.execute(ClickKeyword.groovy:40)
	at com.kms.katalon.core.keyword.internal.KeywordExecutor.executeKeywordForPlatform(KeywordExecutor.groovy:74)
	at com.kms.katalon.core.webui.keyword.WebUiBuiltInKeywords.click(WebUiBuiltInKeywords.groovy:620)
	at com.kms.katalon.core.webui.keyword.WebUiBuiltInKeywords$click$3.call(Unknown Source)
	at TC18_Edit category.run(TC18_Edit category:22)
	at com.kms.katalon.core.main.ScriptEngine.run(ScriptEngine.java:194)
	at com.kms.katalon.core.main.ScriptEngine.runScriptAsRawText(ScriptEngine.java:119)
	at com.kms.katalon.core.main.TestCaseExecutor.runScript(TestCaseExecutor.java:448)
	at com.kms.katalon.core.main.TestCaseExecutor.doExecute(TestCaseExecutor.java:439)
	at com.kms.katalon.core.main.TestCaseExecutor.processExecutionPhase(TestCaseExecutor.java:418)
	at com.kms.katalon.core.main.TestCaseExecutor.accessMainPhase(TestCaseExecutor.java:410)
	at com.kms.katalon.core.main.TestCaseExecutor.execute(TestCaseExecutor.java:285)
	at com.kms.katalon.core.common.CommonExecutor.accessTestCaseMainPhase(CommonExecutor.java:65)
	at com.kms.katalon.core.main.TestSuiteExecutor.accessTestSuiteMainPhase(TestSuiteExecutor.java:151)
	at com.kms.katalon.core.main.TestSuiteExecutor.execute(TestSuiteExecutor.java:106)
	at com.kms.katalon.core.main.TestCaseMain.startTestSuite(TestCaseMain.java:185)
	at com.kms.katalon.core.main.TestCaseMain$startTestSuite$0.call(Unknown Source)
	at TempTestSuite1676005934100.run(TempTestSuite1676005934100.groovy:36)
Caused by: com.kms.katalon.core.webui.exception.WebElementNotFoundException: Web element with id: 'Object Repository/Setting/Category/Edit category/Edit button' located by '//form[@id='form_11']/a/i' not found
	at com.kms.katalon.core.webui.common.WebUiCommonHelper.findWebElement(WebUiCommonHelper.java:1370)
	at com.kms.katalon.core.webui.keyword.internal.WebUIAbstractKeyword.findWebElement(WebUIAbstractKeyword.groovy:27)
	at com.kms.katalon.core.webui.keyword.builtin.ClickKeyword$_click_closure1.doCall(ClickKeyword.groovy:65)
	at com.kms.katalon.core.webui.keyword.builtin.ClickKeyword$_click_closure1.call(ClickKeyword.groovy)
	at com.kms.katalon.core.webui.keyword.internal.WebUIKeywordMain.runKeyword(WebUIKeywordMain.groovy:20)
	... 19 more
"/>
         <system-out><![CDATA[2023-02-10 12:14:32 - [TEST_CASE][FAILED] - Test Cases/Setting/TC18_Edit category: Test Cases/Setting/TC18_Edit category FAILED.
Reason:
com.kms.katalon.core.exception.StepFailedException: Unable to click on object 'Object Repository/Setting/Category/Edit category/Edit button'
	at com.kms.katalon.core.webui.keyword.internal.WebUIKeywordMain.stepFailed(WebUIKeywordMain.groovy:64)
	at com.kms.katalon.core.webui.keyword.internal.WebUIKeywordMain.runKeyword(WebUIKeywordMain.groovy:26)
	at com.kms.katalon.core.webui.keyword.builtin.ClickKeyword.click(ClickKeyword.groovy:74)
	at com.kms.katalon.core.webui.keyword.builtin.ClickKeyword.execute(ClickKeyword.groovy:40)
	at com.kms.katalon.core.keyword.internal.KeywordExecutor.executeKeywordForPlatform(KeywordExecutor.groovy:74)
	at com.kms.katalon.core.webui.keyword.WebUiBuiltInKeywords.click(WebUiBuiltInKeywords.groovy:620)
	at com.kms.katalon.core.webui.keyword.WebUiBuiltInKeywords$click$3.call(Unknown Source)
	at TC18_Edit category.run(TC18_Edit category:22)
	at com.kms.katalon.core.main.ScriptEngine.run(ScriptEngine.java:194)
	at com.kms.katalon.core.main.ScriptEngine.runScriptAsRawText(ScriptEngine.java:119)
	at com.kms.katalon.core.main.TestCaseExecutor.runScript(TestCaseExecutor.java:448)
	at com.kms.katalon.core.main.TestCaseExecutor.doExecute(TestCaseExecutor.java:439)
	at com.kms.katalon.core.main.TestCaseExecutor.processExecutionPhase(TestCaseExecutor.java:418)
	at com.kms.katalon.core.main.TestCaseExecutor.accessMainPhase(TestCaseExecutor.java:410)
	at com.kms.katalon.core.main.TestCaseExecutor.execute(TestCaseExecutor.java:285)
	at com.kms.katalon.core.common.CommonExecutor.accessTestCaseMainPhase(CommonExecutor.java:65)
	at com.kms.katalon.core.main.TestSuiteExecutor.accessTestSuiteMainPhase(TestSuiteExecutor.java:151)
	at com.kms.katalon.core.main.TestSuiteExecutor.execute(TestSuiteExecutor.java:106)
	at com.kms.katalon.core.main.TestCaseMain.startTestSuite(TestCaseMain.java:185)
	at com.kms.katalon.core.main.TestCaseMain$startTestSuite$0.call(Unknown Source)
	at TempTestSuite1676005934100.run(TempTestSuite1676005934100.groovy:36)
Caused by: com.kms.katalon.core.webui.exception.WebElementNotFoundException: Web element with id: 'Object Repository/Setting/Category/Edit category/Edit button' located by '//form[@id='form_11']/a/i' not found
	at com.kms.katalon.core.webui.common.WebUiCommonHelper.findWebElement(WebUiCommonHelper.java:1370)
	at com.kms.katalon.core.webui.keyword.internal.WebUIAbstractKeyword.findWebElement(WebUIAbstractKeyword.groovy:27)
	at com.kms.katalon.core.webui.keyword.builtin.ClickKeyword$_click_closure1.doCall(ClickKeyword.groovy:65)
	at com.kms.katalon.core.webui.keyword.builtin.ClickKeyword$_click_closure1.call(ClickKeyword.groovy)
	at com.kms.katalon.core.webui.keyword.internal.WebUIKeywordMain.runKeyword(WebUIKeywordMain.groovy:20)
	... 19 more


2023-02-10 12:14:34 - [TEST_STEP][PASSED] - click(findTestObject("Setting/Category/Edit category/Name")): Object: 'Object Repository/Setting/Category/Edit category/Name' is clicked on

2023-02-10 12:14:34 - [MESSAGE][PASSED] - Object: 'Object Repository/Setting/Category/Edit category/Name' is clicked on

2023-02-10 12:14:34 - [TEST_STEP][FAILED] - click(findTestObject("Setting/Category/Edit category/Edit button")): Unable to click on object 'Object Repository/Setting/Category/Edit category/Edit button' (Root cause: com.kms.katalon.core.exception.StepFailedException: Unable to click on object 'Object Repository/Setting/Category/Edit category/Edit button'
	at com.kms.katalon.core.webui.keyword.internal.WebUIKeywordMain.stepFailed(WebUIKeywordMain.groovy:64)
	at com.kms.katalon.core.webui.keyword.internal.WebUIKeywordMain.runKeyword(WebUIKeywordMain.groovy:26)
	at com.kms.katalon.core.webui.keyword.builtin.ClickKeyword.click(ClickKeyword.groovy:74)
	at com.kms.katalon.core.webui.keyword.builtin.ClickKeyword.execute(ClickKeyword.groovy:40)
	at com.kms.katalon.core.keyword.internal.KeywordExecutor.executeKeywordForPlatform(KeywordExecutor.groovy:74)
	at com.kms.katalon.core.webui.keyword.WebUiBuiltInKeywords.click(WebUiBuiltInKeywords.groovy:620)
	at com.kms.katalon.core.webui.keyword.WebUiBuiltInKeywords$click$3.call(Unknown Source)
	at TC18_Edit category.run(TC18_Edit category:22)
	at com.kms.katalon.core.main.ScriptEngine.run(ScriptEngine.java:194)
	at com.kms.katalon.core.main.ScriptEngine.runScriptAsRawText(ScriptEngine.java:119)
	at com.kms.katalon.core.main.TestCaseExecutor.runScript(TestCaseExecutor.java:448)
	at com.kms.katalon.core.main.TestCaseExecutor.doExecute(TestCaseExecutor.java:439)
	at com.kms.katalon.core.main.TestCaseExecutor.processExecutionPhase(TestCaseExecutor.java:418)
	at com.kms.katalon.core.main.TestCaseExecutor.accessMainPhase(TestCaseExecutor.java:410)
	at com.kms.katalon.core.main.TestCaseExecutor.execute(TestCaseExecutor.java:285)
	at com.kms.katalon.core.common.CommonExecutor.accessTestCaseMainPhase(CommonExecutor.java:65)
	at com.kms.katalon.core.main.TestSuiteExecutor.accessTestSuiteMainPhase(TestSuiteExecutor.java:151)
	at com.kms.katalon.core.main.TestSuiteExecutor.execute(TestSuiteExecutor.java:106)
	at com.kms.katalon.core.main.TestCaseMain.startTestSuite(TestCaseMain.java:185)
	at com.kms.katalon.core.main.TestCaseMain$startTestSuite$0.call(Unknown Source)
	at TempTestSuite1676005934100.run(TempTestSuite1676005934100.groovy:36)
Caused by: com.kms.katalon.core.webui.exception.WebElementNotFoundException: Web element with id: 'Object Repository/Setting/Category/Edit category/Edit button' located by '//form[@id='form_11']/a/i' not found
	at com.kms.katalon.core.webui.common.WebUiCommonHelper.findWebElement(WebUiCommonHelper.java:1370)
	at com.kms.katalon.core.webui.keyword.internal.WebUIAbstractKeyword.findWebElement(WebUIAbstractKeyword.groovy:27)
	at com.kms.katalon.core.webui.keyword.builtin.ClickKeyword$_click_closure1.doCall(ClickKeyword.groovy:65)
	at com.kms.katalon.core.webui.keyword.builtin.ClickKeyword$_click_closure1.call(ClickKeyword.groovy)
	at com.kms.katalon.core.webui.keyword.internal.WebUIKeywordMain.runKeyword(WebUIKeywordMain.groovy:20)
	at com.kms.katalon.core.webui.keyword.builtin.ClickKeyword.click(ClickKeyword.groovy:74)
	at com.kms.katalon.core.webui.keyword.builtin.ClickKeyword.execute(ClickKeyword.groovy:40)
	at com.kms.katalon.core.keyword.internal.KeywordExecutor.executeKeywordForPlatform(KeywordExecutor.groovy:74)
	at com.kms.katalon.core.webui.keyword.WebUiBuiltInKeywords.click(WebUiBuiltInKeywords.groovy:620)
	at com.kms.katalon.core.webui.keyword.WebUiBuiltInKeywords$click$3.call(Unknown Source)
	at Script1675243465082.run(Script1675243465082.groovy:22)
	... 13 more
)

2023-02-10 12:15:06 - [MESSAGE][INFO] - Unable to find the element located by 'By.xpath: //form[@id='form_11']/a/i'. Please recheck the objects properties to make sure the desired element is located. 

2023-02-10 12:15:06 - [MESSAGE][WARNING] - Cannot take screenshot

2023-02-10 12:15:06 - [MESSAGE][FAILED] - Unable to click on object 'Object Repository/Setting/Category/Edit category/Edit button' (Root cause: com.kms.katalon.core.exception.StepFailedException: Unable to click on object 'Object Repository/Setting/Category/Edit category/Edit button'
	at com.kms.katalon.core.webui.keyword.internal.WebUIKeywordMain.stepFailed(WebUIKeywordMain.groovy:64)
	at com.kms.katalon.core.webui.keyword.internal.WebUIKeywordMain.runKeyword(WebUIKeywordMain.groovy:26)
	at com.kms.katalon.core.webui.keyword.builtin.ClickKeyword.click(ClickKeyword.groovy:74)
	at com.kms.katalon.core.webui.keyword.builtin.ClickKeyword.execute(ClickKeyword.groovy:40)
	at com.kms.katalon.core.keyword.internal.KeywordExecutor.executeKeywordForPlatform(KeywordExecutor.groovy:74)
	at com.kms.katalon.core.webui.keyword.WebUiBuiltInKeywords.click(WebUiBuiltInKeywords.groovy:620)
	at com.kms.katalon.core.webui.keyword.WebUiBuiltInKeywords$click$3.call(Unknown Source)
	at TC18_Edit category.run(TC18_Edit category:22)
	at com.kms.katalon.core.main.ScriptEngine.run(ScriptEngine.java:194)
	at com.kms.katalon.core.main.ScriptEngine.runScriptAsRawText(ScriptEngine.java:119)
	at com.kms.katalon.core.main.TestCaseExecutor.runScript(TestCaseExecutor.java:448)
	at com.kms.katalon.core.main.TestCaseExecutor.doExecute(TestCaseExecutor.java:439)
	at com.kms.katalon.core.main.TestCaseExecutor.processExecutionPhase(TestCaseExecutor.java:418)
	at com.kms.katalon.core.main.TestCaseExecutor.accessMainPhase(TestCaseExecutor.java:410)
	at com.kms.katalon.core.main.TestCaseExecutor.execute(TestCaseExecutor.java:285)
	at com.kms.katalon.core.common.CommonExecutor.accessTestCaseMainPhase(CommonExecutor.java:65)
	at com.kms.katalon.core.main.TestSuiteExecutor.accessTestSuiteMainPhase(TestSuiteExecutor.java:151)
	at com.kms.katalon.core.main.TestSuiteExecutor.execute(TestSuiteExecutor.java:106)
	at com.kms.katalon.core.main.TestCaseMain.startTestSuite(TestCaseMain.java:185)
	at com.kms.katalon.core.main.TestCaseMain$startTestSuite$0.call(Unknown Source)
	at TempTestSuite1676005934100.run(TempTestSuite1676005934100.groovy:36)
Caused by: com.kms.katalon.core.webui.exception.WebElementNotFoundException: Web element with id: 'Object Repository/Setting/Category/Edit category/Edit button' located by '//form[@id='form_11']/a/i' not found
	at com.kms.katalon.core.webui.common.WebUiCommonHelper.findWebElement(WebUiCommonHelper.java:1370)
	at com.kms.katalon.core.webui.keyword.internal.WebUIAbstractKeyword.findWebElement(WebUIAbstractKeyword.groovy:27)
	at com.kms.katalon.core.webui.keyword.builtin.ClickKeyword$_click_closure1.doCall(ClickKeyword.groovy:65)
	at com.kms.katalon.core.webui.keyword.builtin.ClickKeyword$_click_closure1.call(ClickKeyword.groovy)
	at com.kms.katalon.core.webui.keyword.internal.WebUIKeywordMain.runKeyword(WebUIKeywordMain.groovy:20)
	at com.kms.katalon.core.webui.keyword.builtin.ClickKeyword.click(ClickKeyword.groovy:74)
	at com.kms.katalon.core.webui.keyword.builtin.ClickKeyword.execute(ClickKeyword.groovy:40)
	at com.kms.katalon.core.keyword.internal.KeywordExecutor.executeKeywordForPlatform(KeywordExecutor.groovy:74)
	at com.kms.katalon.core.webui.keyword.WebUiBuiltInKeywords.click(WebUiBuiltInKeywords.groovy:620)
	at com.kms.katalon.core.webui.keyword.WebUiBuiltInKeywords$click$3.call(Unknown Source)
	at Script1675243465082.run(Script1675243465082.groovy:22)
	... 13 more
)]]></system-out>
         <system-err><![CDATA[2023-02-10 12:14:32 - [TEST_CASE][FAILED] - Test Cases/Setting/TC18_Edit category: Test Cases/Setting/TC18_Edit category FAILED.
Reason:
com.kms.katalon.core.exception.StepFailedException: Unable to click on object 'Object Repository/Setting/Category/Edit category/Edit button'
	at com.kms.katalon.core.webui.keyword.internal.WebUIKeywordMain.stepFailed(WebUIKeywordMain.groovy:64)
	at com.kms.katalon.core.webui.keyword.internal.WebUIKeywordMain.runKeyword(WebUIKeywordMain.groovy:26)
	at com.kms.katalon.core.webui.keyword.builtin.ClickKeyword.click(ClickKeyword.groovy:74)
	at com.kms.katalon.core.webui.keyword.builtin.ClickKeyword.execute(ClickKeyword.groovy:40)
	at com.kms.katalon.core.keyword.internal.KeywordExecutor.executeKeywordForPlatform(KeywordExecutor.groovy:74)
	at com.kms.katalon.core.webui.keyword.WebUiBuiltInKeywords.click(WebUiBuiltInKeywords.groovy:620)
	at com.kms.katalon.core.webui.keyword.WebUiBuiltInKeywords$click$3.call(Unknown Source)
	at TC18_Edit category.run(TC18_Edit category:22)
	at com.kms.katalon.core.main.ScriptEngine.run(ScriptEngine.java:194)
	at com.kms.katalon.core.main.ScriptEngine.runScriptAsRawText(ScriptEngine.java:119)
	at com.kms.katalon.core.main.TestCaseExecutor.runScript(TestCaseExecutor.java:448)
	at com.kms.katalon.core.main.TestCaseExecutor.doExecute(TestCaseExecutor.java:439)
	at com.kms.katalon.core.main.TestCaseExecutor.processExecutionPhase(TestCaseExecutor.java:418)
	at com.kms.katalon.core.main.TestCaseExecutor.accessMainPhase(TestCaseExecutor.java:410)
	at com.kms.katalon.core.main.TestCaseExecutor.execute(TestCaseExecutor.java:285)
	at com.kms.katalon.core.common.CommonExecutor.accessTestCaseMainPhase(CommonExecutor.java:65)
	at com.kms.katalon.core.main.TestSuiteExecutor.accessTestSuiteMainPhase(TestSuiteExecutor.java:151)
	at com.kms.katalon.core.main.TestSuiteExecutor.execute(TestSuiteExecutor.java:106)
	at com.kms.katalon.core.main.TestCaseMain.startTestSuite(TestCaseMain.java:185)
	at com.kms.katalon.core.main.TestCaseMain$startTestSuite$0.call(Unknown Source)
	at TempTestSuite1676005934100.run(TempTestSuite1676005934100.groovy:36)
Caused by: com.kms.katalon.core.webui.exception.WebElementNotFoundException: Web element with id: 'Object Repository/Setting/Category/Edit category/Edit button' located by '//form[@id='form_11']/a/i' not found
	at com.kms.katalon.core.webui.common.WebUiCommonHelper.findWebElement(WebUiCommonHelper.java:1370)
	at com.kms.katalon.core.webui.keyword.internal.WebUIAbstractKeyword.findWebElement(WebUIAbstractKeyword.groovy:27)
	at com.kms.katalon.core.webui.keyword.builtin.ClickKeyword$_click_closure1.doCall(ClickKeyword.groovy:65)
	at com.kms.katalon.core.webui.keyword.builtin.ClickKeyword$_click_closure1.call(ClickKeyword.groovy)
	at com.kms.katalon.core.webui.keyword.internal.WebUIKeywordMain.runKeyword(WebUIKeywordMain.groovy:20)
	... 19 more]]></system-err>
      </testcase>
      <testcase name="Test Cases/Setting/TC19_Edit category tanpa mengisi form" time="33.177" classname="Test Cases/Setting/TC19_Edit category tanpa mengisi form" status="FAILED">
         <failure type="FAILED" message="Test Cases/Setting/TC19_Edit category tanpa mengisi form FAILED.
Reason:
com.kms.katalon.core.exception.StepFailedException: Unable to click on object 'Object Repository/Setting/Category/Edit category/Edit button'
	at com.kms.katalon.core.webui.keyword.internal.WebUIKeywordMain.stepFailed(WebUIKeywordMain.groovy:64)
	at com.kms.katalon.core.webui.keyword.internal.WebUIKeywordMain.runKeyword(WebUIKeywordMain.groovy:26)
	at com.kms.katalon.core.webui.keyword.builtin.ClickKeyword.click(ClickKeyword.groovy:74)
	at com.kms.katalon.core.webui.keyword.builtin.ClickKeyword.execute(ClickKeyword.groovy:40)
	at com.kms.katalon.core.keyword.internal.KeywordExecutor.executeKeywordForPlatform(KeywordExecutor.groovy:74)
	at com.kms.katalon.core.webui.keyword.WebUiBuiltInKeywords.click(WebUiBuiltInKeywords.groovy:620)
	at com.kms.katalon.core.webui.keyword.WebUiBuiltInKeywords$click$3.call(Unknown Source)
	at TC19_Edit category tanpa mengisi form.run(TC19_Edit category tanpa mengisi form:22)
	at com.kms.katalon.core.main.ScriptEngine.run(ScriptEngine.java:194)
	at com.kms.katalon.core.main.ScriptEngine.runScriptAsRawText(ScriptEngine.java:119)
	at com.kms.katalon.core.main.TestCaseExecutor.runScript(TestCaseExecutor.java:448)
	at com.kms.katalon.core.main.TestCaseExecutor.doExecute(TestCaseExecutor.java:439)
	at com.kms.katalon.core.main.TestCaseExecutor.processExecutionPhase(TestCaseExecutor.java:418)
	at com.kms.katalon.core.main.TestCaseExecutor.accessMainPhase(TestCaseExecutor.java:410)
	at com.kms.katalon.core.main.TestCaseExecutor.execute(TestCaseExecutor.java:285)
	at com.kms.katalon.core.common.CommonExecutor.accessTestCaseMainPhase(CommonExecutor.java:65)
	at com.kms.katalon.core.main.TestSuiteExecutor.accessTestSuiteMainPhase(TestSuiteExecutor.java:151)
	at com.kms.katalon.core.main.TestSuiteExecutor.execute(TestSuiteExecutor.java:106)
	at com.kms.katalon.core.main.TestCaseMain.startTestSuite(TestCaseMain.java:185)
	at com.kms.katalon.core.main.TestCaseMain$startTestSuite$0.call(Unknown Source)
	at TempTestSuite1676005934100.run(TempTestSuite1676005934100.groovy:36)
Caused by: com.kms.katalon.core.webui.exception.WebElementNotFoundException: Web element with id: 'Object Repository/Setting/Category/Edit category/Edit button' located by '//form[@id='form_11']/a/i' not found
	at com.kms.katalon.core.webui.common.WebUiCommonHelper.findWebElement(WebUiCommonHelper.java:1370)
	at com.kms.katalon.core.webui.keyword.internal.WebUIAbstractKeyword.findWebElement(WebUIAbstractKeyword.groovy:27)
	at com.kms.katalon.core.webui.keyword.builtin.ClickKeyword$_click_closure1.doCall(ClickKeyword.groovy:65)
	at com.kms.katalon.core.webui.keyword.builtin.ClickKeyword$_click_closure1.call(ClickKeyword.groovy)
	at com.kms.katalon.core.webui.keyword.internal.WebUIKeywordMain.runKeyword(WebUIKeywordMain.groovy:20)
	... 19 more
"/>
         <system-out><![CDATA[2023-02-10 12:15:06 - [TEST_CASE][FAILED] - Test Cases/Setting/TC19_Edit category tanpa mengisi form: Test Cases/Setting/TC19_Edit category tanpa mengisi form FAILED.
Reason:
com.kms.katalon.core.exception.StepFailedException: Unable to click on object 'Object Repository/Setting/Category/Edit category/Edit button'
	at com.kms.katalon.core.webui.keyword.internal.WebUIKeywordMain.stepFailed(WebUIKeywordMain.groovy:64)
	at com.kms.katalon.core.webui.keyword.internal.WebUIKeywordMain.runKeyword(WebUIKeywordMain.groovy:26)
	at com.kms.katalon.core.webui.keyword.builtin.ClickKeyword.click(ClickKeyword.groovy:74)
	at com.kms.katalon.core.webui.keyword.builtin.ClickKeyword.execute(ClickKeyword.groovy:40)
	at com.kms.katalon.core.keyword.internal.KeywordExecutor.executeKeywordForPlatform(KeywordExecutor.groovy:74)
	at com.kms.katalon.core.webui.keyword.WebUiBuiltInKeywords.click(WebUiBuiltInKeywords.groovy:620)
	at com.kms.katalon.core.webui.keyword.WebUiBuiltInKeywords$click$3.call(Unknown Source)
	at TC19_Edit category tanpa mengisi form.run(TC19_Edit category tanpa mengisi form:22)
	at com.kms.katalon.core.main.ScriptEngine.run(ScriptEngine.java:194)
	at com.kms.katalon.core.main.ScriptEngine.runScriptAsRawText(ScriptEngine.java:119)
	at com.kms.katalon.core.main.TestCaseExecutor.runScript(TestCaseExecutor.java:448)
	at com.kms.katalon.core.main.TestCaseExecutor.doExecute(TestCaseExecutor.java:439)
	at com.kms.katalon.core.main.TestCaseExecutor.processExecutionPhase(TestCaseExecutor.java:418)
	at com.kms.katalon.core.main.TestCaseExecutor.accessMainPhase(TestCaseExecutor.java:410)
	at com.kms.katalon.core.main.TestCaseExecutor.execute(TestCaseExecutor.java:285)
	at com.kms.katalon.core.common.CommonExecutor.accessTestCaseMainPhase(CommonExecutor.java:65)
	at com.kms.katalon.core.main.TestSuiteExecutor.accessTestSuiteMainPhase(TestSuiteExecutor.java:151)
[...]
	at com.kms.katalon.core.webui.keyword.internal.WebUIKeywordMain.stepFailed(WebUIKeywordMain.groovy:64)
	at com.kms.katalon.core.webui.keyword.builtin.VerifyElementTextKeyword$_verifyElementText_closure1.doCall(VerifyElementTextKeyword.groovy:57)
	at com.kms.katalon.core.webui.keyword.builtin.VerifyElementTextKeyword$_verifyElementText_closure1.call(VerifyElementTextKeyword.groovy)
	at com.kms.katalon.core.webui.keyword.internal.WebUIKeywordMain.runKeyword(WebUIKeywordMain.groovy:20)
	... 19 more]]></system-err>
      </testcase>
      <testcase name="Test Cases/Quizioner/TC83_Edit quizioner" time="10.814" classname="Test Cases/Quizioner/TC83_Edit quizioner" status="PASSED">
         <system-out><![CDATA[2023-02-10 12:25:38 - [TEST_CASE][PASSED] - Test Cases/Quizioner/TC83_Edit quizioner: Test Cases/Quizioner/TC83_Edit quizioner

2023-02-10 12:25:40 - [TEST_STEP][PASSED] - click(findTestObject("Quizioner/Edit quizioner/Edit button")): Object: 'Object Repository/Quizioner/Edit quizioner/Edit button' is clicked on

2023-02-10 12:25:41 - [MESSAGE][PASSED] - Object: 'Object Repository/Quizioner/Edit quizioner/Edit button' is clicked on

2023-02-10 12:25:41 - [TEST_STEP][PASSED] - clearText(findTestObject("Quizioner/Edit quizioner/Question")): Text of object 'Object Repository/Quizioner/Edit quizioner/Question' is cleared

2023-02-10 12:25:41 - [MESSAGE][PASSED] - Text of object 'Object Repository/Quizioner/Edit quizioner/Question' is cleared

2023-02-10 12:25:41 - [TEST_STEP][PASSED] - setText(findTestObject("Quizioner/Edit quizioner/Question"), "Edit pertanyaan baru"): Text 'Edit pertanyaan baru' is set on object 'Object Repository/Quizioner/Edit quizioner/Question'

2023-02-10 12:25:42 - [MESSAGE][PASSED] - Text 'Edit pertanyaan baru' is set on object 'Object Repository/Quizioner/Edit quizioner/Question'

2023-02-10 12:25:42 - [TEST_STEP][PASSED] - clearText(findTestObject("Quizioner/Edit quizioner/Name")): Text of object 'Object Repository/Quizioner/Edit quizioner/Name' is cleared

2023-02-10 12:25:43 - [MESSAGE][PASSED] - Text of object 'Object Repository/Quizioner/Edit quizioner/Name' is cleared

2023-02-10 12:25:43 - [TEST_STEP][PASSED] - setText(findTestObject("Quizioner/Edit quizioner/Name"), "ini name"): Text 'ini name' is set on object 'Object Repository/Quizioner/Edit quizioner/Name'

2023-02-10 12:25:44 - [MESSAGE][PASSED] - Text 'ini name' is set on object 'Object Repository/Quizioner/Edit quizioner/Name'

2023-02-10 12:25:44 - [TEST_STEP][PASSED] - clearText(findTestObject("Quizioner/Edit quizioner/Placeholder")): Text of object 'Object Repository/Quizioner/Edit quizioner/Placeholder' is cleared

2023-02-10 12:25:45 - [MESSAGE][PASSED] - Text of object 'Object Repository/Quizioner/Edit quizioner/Placeholder' is cleared

2023-02-10 12:25:45 - [TEST_STEP][PASSED] - setText(findTestObject("Quizioner/Edit quizioner/Placeholder"), "ini placeholder"): Text 'ini placeholder' is set on object 'Object Repository/Quizioner/Edit quizioner/Placeholder'

2023-02-10 12:25:46 - [MESSAGE][PASSED] - Text 'ini placeholder' is set on object 'Object Repository/Quizioner/Edit quizioner/Placeholder'

2023-02-10 12:25:46 - [TEST_STEP][PASSED] - clearText(findTestObject("Quizioner/Edit quizioner/Caption")): Text of object 'Object Repository/Quizioner/Edit quizioner/Caption' is cleared

2023-02-10 12:25:46 - [MESSAGE][PASSED] - Text of object 'Object Repository/Quizioner/Edit quizioner/Caption' is cleared

2023-02-10 12:25:46 - [TEST_STEP][PASSED] - setText(findTestObject("Quizioner/Edit quizioner/Caption"), "ini caption"): Text 'ini caption' is set on object 'Object Repository/Quizioner/Edit quizioner/Caption'

2023-02-10 12:25:47 - [MESSAGE][PASSED] - Text 'ini caption' is set on object 'Object Repository/Quizioner/Edit quizioner/Caption'

2023-02-10 12:25:47 - [TEST_STEP][PASSED] - click(findTestObject("Quizioner/Edit quizioner/Submit button")): Object: 'Object Repository/Quizioner/Edit quizioner/Submit button' is clicked on

2023-02-10 12:25:49 - [MESSAGE][PASSED] - Object: 'Object Repository/Quizioner/Edit quizioner/Submit button' is clicked on]]></system-out>
         <system-err><![CDATA[]]></system-err>
      </testcase>
      <testcase name="Test Cases/Quizioner/TC84_Edit quizioner dengan mengosongkan form" time="8.337" classname="Test Cases/Quizioner/TC84_Edit quizioner dengan mengosongkan form" status="PASSED">
         <system-out><![CDATA[2023-02-10 12:25:49 - [TEST_CASE][PASSED] - Test Cases/Quizioner/TC84_Edit quizioner dengan mengosongkan form: Test Cases/Quizioner/TC84_Edit quizioner dengan mengosongkan form

2023-02-10 12:25:50 - [TEST_STEP][PASSED] - click(findTestObject("Quizioner/Edit quizioner/Edit button")): Object: 'Object Repository/Quizioner/Edit quizioner/Edit button' is clicked on

2023-02-10 12:25:54 - [MESSAGE][PASSED] - Object: 'Object Repository/Quizioner/Edit quizioner/Edit button' is clicked on

2023-02-10 12:25:54 - [TEST_STEP][PASSED] - clearText(findTestObject("Quizioner/Edit quizioner/Question")): Text of object 'Object Repository/Quizioner/Edit quizioner/Question' is cleared

2023-02-10 12:25:55 - [MESSAGE][PASSED] - Text of object 'Object Repository/Quizioner/Edit quizioner/Question' is cleared

2023-02-10 12:25:55 - [TEST_STEP][PASSED] - clearText(findTestObject("Quizioner/Edit quizioner/Name")): Text of object 'Object Repository/Quizioner/Edit quizioner/Name' is cleared

2023-02-10 12:25:55 - [MESSAGE][PASSED] - Text of object 'Object Repository/Quizioner/Edit quizioner/Name' is cleared

2023-02-10 12:25:55 - [TEST_STEP][PASSED] - clearText(findTestObject("Quizioner/Edit quizioner/Placeholder")): Text of object 'Object Repository/Quizioner/Edit quizioner/Placeholder' is cleared

2023-02-10 12:25:56 - [MESSAGE][PASSED] - Text of object 'Object Repository/Quizioner/Edit quizioner/Placeholder' is cleared

2023-02-10 12:25:56 - [TEST_STEP][PASSED] - clearText(findTestObject("Quizioner/Edit quizioner/Caption")): Text of object 'Object Repository/Quizioner/Edit quizioner/Caption' is cleared

2023-02-10 12:25:57 - [MESSAGE][PASSED] - Text of object 'Object Repository/Quizioner/Edit quizioner/Caption' is cleared

2023-02-10 12:25:57 - [TEST_STEP][PASSED] - click(findTestObject("Quizioner/Edit quizioner/Submit button")): Object: 'Object Repository/Quizioner/Edit quizioner/Submit button' is clicked on

2023-02-10 12:25:57 - [MESSAGE][PASSED] - Object: 'Object Repository/Quizioner/Edit quizioner/Submit button' is clicked on

2023-02-10 12:25:57 - [TEST_STEP][PASSED] - back(): Navigate back successfully

2023-02-10 12:25:57 - [MESSAGE][PASSED] - Navigate back successfully]]></system-out>
         <system-err><![CDATA[]]></system-err>
      </testcase>
      <testcase name="Test Cases/Quizioner/TC85_Delete quizioner" time="3.829" classname="Test Cases/Quizioner/TC85_Delete quizioner" status="PASSED">
         <system-out><![CDATA[2023-02-10 12:25:57 - [TEST_CASE][PASSED] - Test Cases/Quizioner/TC85_Delete quizioner: Test Cases/Quizioner/TC85_Delete quizioner

2023-02-10 12:25:59 - [TEST_STEP][PASSED] - click(findTestObject("z test/Delete1/Delete button quizioner")): Object: 'Object Repository/z test/Delete1/Delete button quizioner' is clicked on

2023-02-10 12:25:59 - [MESSAGE][PASSED] - Object: 'Object Repository/z test/Delete1/Delete button quizioner' is clicked on

2023-02-10 12:25:59 - [TEST_STEP][PASSED] - click(findTestObject("Quizioner/Delete quizioner/Yes button")): Object: 'Object Repository/Quizioner/Delete quizioner/Yes button' is clicked on

2023-02-10 12:26:01 - [MESSAGE][PASSED] - Object: 'Object Repository/Quizioner/Delete quizioner/Yes button' is clicked on]]></system-out>
         <system-err><![CDATA[]]></system-err>
      </testcase>
      <testcase name="Test Cases/Quizioner/TC86_View response quizioner" time="6.609" classname="Test Cases/Quizioner/TC86_View response quizioner" status="PASSED">
         <system-out><![CDATA[2023-02-10 12:26:01 - [TEST_CASE][PASSED] - Test Cases/Quizioner/TC86_View response quizioner: Test Cases/Quizioner/TC86_View response quizioner

2023-02-10 12:26:02 - [TEST_STEP][PASSED] - click(findTestObject("Quizioner/Response quizioner/Response button")): Object: 'Object Repository/Quizioner/Response quizioner/Response button' is clicked on

2023-02-10 12:26:07 - [MESSAGE][PASSED] - Object: 'Object Repository/Quizioner/Response quizioner/Response button' is clicked on

2023-02-10 12:26:07 - [TEST_STEP][PASSED] - verifyElementText(findTestObject("Quizioner/Response quizioner/Data Response"), "Data Response"): Actual text and expected text of test object 'Object Repository/Quizioner/Response quizioner/Data Response' are matched.

2023-02-10 12:26:07 - [MESSAGE][PASSED] - Actual text and expected text of test object 'Object Repository/Quizioner/Response quizioner/Data Response' are matched.

2023-02-10 12:26:07 - [TEST_STEP][PASSED] - scrollToElement(findTestObject("Quizioner/Response quizioner/Answer"), 0): Scroll to object 'Object Repository/Quizioner/Response quizioner/Answer' successfully

2023-02-10 12:26:07 - [MESSAGE][WARNING] - Timeout '0' is invalid. Using default page load timeout: '30'

2023-02-10 12:26:08 - [MESSAGE][PASSED] - Scroll to object 'Object Repository/Quizioner/Response quizioner/Answer' successfully]]></system-out>
         <system-err><![CDATA[]]></system-err>
      </testcase>
      <testcase name="Test Cases/Auth/TC05_Logout" time="5.458" classname="Test Cases/Auth/TC05_Logout" status="PASSED">
         <system-out><![CDATA[2023-02-10 12:26:08 - [TEST_CASE][PASSED] - Test Cases/Auth/TC05_Logout: Test Cases/Auth/TC05_Logout

2023-02-10 12:26:09 - [TEST_STEP][PASSED] - click(findTestObject("Auth/User icon")): Object: 'Object Repository/Auth/User icon' is clicked on

2023-02-10 12:26:10 - [MESSAGE][PASSED] - Object: 'Object Repository/Auth/User icon' is clicked on

2023-02-10 12:26:10 - [TEST_STEP][PASSED] - click(findTestObject("Auth/Sign Out")): Object: 'Object Repository/Auth/Sign Out' is clicked on

2023-02-10 12:26:12 - [MESSAGE][PASSED] - Object: 'Object Repository/Auth/Sign Out' is clicked on

2023-02-10 12:26:12 - [TEST_STEP][PASSED] - closeBrowser(): Browser is closed

2023-02-10 12:26:13 - [MESSAGE][PASSED] - Browser is closed]]></system-out>
         <system-err><![CDATA[]]></system-err>
      </testcase>
      <system-out><![CDATA[2023-02-10 12:12:23 - [TEST_SUITE][FAILED] - TS01_TechnofestAdmin: Test Cases/Setting/TC07_General setting FAILED.
Reason:
com.kms.katalon.core.exception.StepFailedException: Unable to clear text of object 'Object Repository/Setting/General/About'
	at com.kms.katalon.core.webui.keyword.internal.WebUIKeywordMain.stepFailed(WebUIKeywordMain.groovy:64)
	at com.kms.katalon.core.webui.keyword.internal.WebUIKeywordMain.runKeyword(WebUIKeywordMain.groovy:42)
	at com.kms.katalon.core.webui.keyword.builtin.ClearTextKeyword.clearText(ClearTextKeyword.groovy:61)
	at com.kms.katalon.core.webui.keyword.builtin.ClearTextKeyword.execute(ClearTextKeyword.groovy:34)
	at com.kms.katalon.core.keyword.internal.KeywordExecutor.executeKeywordForPlatform(KeywordExecutor.groovy:74)
	at com.kms.katalon.core.webui.keyword.WebUiBuiltInKeywords.clearText(WebUiBuiltInKeywords.groovy:4903)
	at com.kms.katalon.core.webui.keyword.WebUiBuiltInKeywords$clearText$5.call(Unknown Source)
	at TC07_General setting.run(TC07_General setting:28)
	at com.kms.katalon.core.main.ScriptEngine.run(ScriptEngine.java:194)
	at com.kms.katalon.core.main.ScriptEngine.runScriptAsRawText(ScriptEngine.java:119)
	at com.kms.katalon.core.main.TestCaseExecutor.runScript(TestCaseExecutor.java:448)
	at com.kms.katalon.core.main.TestCaseExecutor.doExecute(TestCaseExecutor.java:439)
	at com.kms.katalon.core.main.TestCaseExecutor.processExecutionPhase(TestCaseExecutor.java:418)
	at com.kms.katalon.core.main.TestCaseExecutor.accessMainPhase(TestCaseExecutor.java:410)
	at com.kms.katalon.core.main.TestCaseExecutor.execute(TestCaseExecutor.java:285)
	at com.kms.katalon.core.common.CommonExecutor.accessTestCaseMainPhase(CommonExecutor.java:65)
	at com.kms.katalon.core.main.TestSuiteExecutor.accessTestSuiteMainPhase(TestSuiteExecutor.java:151)
	at com.kms.katalon.core.main.TestSuiteExecutor.execute(TestSuiteExecutor.java:106)
	at com.kms.katalon.core.main.TestCaseMain.startTestSuite(TestCaseMain.java:185)
	at com.kms.katalon.core.main.TestCaseMain$startTestSuite$0.call(Unknown Source)
	at TempTestSuite1676005934100.run(TempTestSuite1676005934100.groovy:36)
Caused by: org.openqa.selenium.InvalidElementStateException: invalid element state
  (Session info: chrome=110.0.5481.77)
Build info: version: '3.141.59', revision: 'e82be7d358', time: '2018-11-14T08:25:53'
System info: host: 'DESKTOP-O2JTDS3', ip: '192.168.1.5', os.name: 'Windows 10', os.arch: 'amd64', os.version: '10.0', java.version: '1.8.0_282'
Driver info: com.kms.katalon.selenium.driver.CChromeDriver
Capabilities {acceptInsecureCerts: false, browserName: chrome, browserVersion: 110.0.5481.77, chrome: {chromedriverVersion: 109.0.5414.74 (e7c5703604da..., userDataDir: C:\Users\GA502GU\AppData\Lo...}, goog:chromeOptions: {debuggerAddress: localhost:57352}, javascriptEnabled: true, networkConnectionEnabled: false, pageLoadStrategy: normal, platform: WINDOWS, platformName: WINDOWS, proxy: Proxy(), setWindowRect: true, strictFileInteractability: false, timeouts: {implicit: 0, pageLoad: 300000, script: 30000}, unhandledPromptBehavior: dismiss and notify, webauthn:extension:credBlob: true, webauthn:extension:largeBlob: true, webauthn:virtualAuthenticators: true}
Session ID: 3890c6da2bec318820792e0c7fca5527
	at org.openqa.selenium.remote.http.W3CHttpResponseCodec.createException(W3CHttpResponseCodec.java:187)
	at org.openqa.selenium.remote.http.W3CHttpResponseCodec.decode(W3CHttpResponseCodec.java:122)
	at org.openqa.selenium.remote.http.W3CHttpResponseCodec.decode(W3CHttpResponseCodec.java:49)
	at org.openqa.selenium.remote.HttpCommandExecutor.execute(HttpCommandExecutor.java:158)
	at org.openqa.selenium.remote.service.DriverCommandExecutor.execute(DriverCommandExecutor.java:83)
	at org.openqa.selenium.remote.RemoteWebDriver.execute(RemoteWebDriver.java:552)
	at com.kms.katalon.selenium.driver.CChromeDriver.execute(CChromeDriver.java:19)
	at org.openqa.selenium.remote.RemoteWebElement.execute(RemoteWebElement.java:285)
	at org.openqa.selenium.remote.RemoteWebElement.clear(RemoteWebElement.java:124)
	at org.openqa.selenium.support.events.EventFiringWebDriver$EventFiringWebElement.lambda$new$0(EventFiringWebDriver.java:404)
	at com.sun.proxy.$Proxy11.clear(Unknown Source)
	at org.openqa.selenium.support.events.EventFiringWebDriver$EventFiringWebElement.clear(EventFiringWebDriver.java:436)
	at com.kms.katalon.core.webui.keyword.builtin.ClearTextKeyword$_clearText_closure1.doCall(ClearTextKeyword.groovy:46)
	at com.kms.katalon.core.webui.keyword.builtin.ClearTextKeyword$_clearText_closure1.call(ClearTextKeyword.groovy)
	at com.kms.katalon.core.webui.keyword.internal.WebUIKeywordMain.runKeyword(WebUIKeywordMain.groovy:33)
	... 19 more]]></system-out>
      <system-err><![CDATA[2023-02-10 12:12:23 - [TEST_SUITE][FAILED] - TS01_TechnofestAdmin: Test Cases/Setting/TC07_General setting FAILED.
Reason:
com.kms.katalon.core.exception.StepFailedException: Unable to clear text of object 'Object Repository/Setting/General/About'
	at com.kms.katalon.core.webui.keyword.internal.WebUIKeywordMain.stepFailed(WebUIKeywordMain.groovy:64)
	at com.kms.katalon.core.webui.keyword.internal.WebUIKeywordMain.runKeyword(WebUIKeywordMain.groovy:42)
	at com.kms.katalon.core.webui.keyword.builtin.ClearTextKeyword.clearText(ClearTextKeyword.groovy:61)
	at com.kms.katalon.core.webui.keyword.builtin.ClearTextKeyword.execute(ClearTextKeyword.groovy:34)
	at com.kms.katalon.core.keyword.internal.KeywordExecutor.executeKeywordForPlatform(KeywordExecutor.groovy:74)
	at com.kms.katalon.core.webui.keyword.WebUiBuiltInKeywords.clearText(WebUiBuiltInKeywords.groovy:4903)
	at com.kms.katalon.core.webui.keyword.WebUiBuiltInKeywords$clearText$5.call(Unknown Source)
	at TC07_General setting.run(TC07_General setting:28)
	at com.kms.katalon.core.main.ScriptEngine.run(ScriptEngine.java:194)
	at com.kms.katalon.core.main.ScriptEngine.runScriptAsRawText(ScriptEngine.java:119)
	at com.kms.katalon.core.main.TestCaseExecutor.runScript(TestCaseExecutor.java:448)
	at com.kms.katalon.core.main.TestCaseExecutor.doExecute(TestCaseExecutor.java:439)
	at com.kms.katalon.core.main.TestCaseExecutor.processExecutionPhase(TestCaseExecutor.java:418)
	at com.kms.katalon.core.main.TestCaseExecutor.accessMainPhase(TestCaseExecutor.java:410)
	at com.kms.katalon.core.main.TestCaseExecutor.execute(TestCaseExecutor.java:285)
	at com.kms.katalon.core.common.CommonExecutor.accessTestCaseMainPhase(CommonExecutor.java:65)
	at com.kms.katalon.core.main.TestSuiteExecutor.accessTestSuiteMainPhase(TestSuiteExecutor.java:151)
	at com.kms.katalon.core.main.TestSuiteExecutor.execute(TestSuiteExecutor.java:106)
	at com.kms.katalon.core.main.TestCaseMain.startTestSuite(TestCaseMain.java:185)
	at com.kms.katalon.core.main.TestCaseMain$startTestSuite$0.call(Unknown Source)
	at TempTestSuite1676005934100.run(TempTestSuite1676005934100.groovy:36)
Caused by: org.openqa.selenium.InvalidElementStateException: invalid element state
  (Session info: chrome=110.0.5481.77)
Build info: version: '3.141.59', revision: 'e82be7d358', time: '2018-11-14T08:25:53'
System info: host: 'DESKTOP-O2JTDS3', ip: '192.168.1.5', os.name: 'Windows 10', os.arch: 'amd64', os.version: '10.0', java.version: '1.8.0_282'
Driver info: com.kms.katalon.selenium.driver.CChromeDriver
Capabilities {acceptInsecureCerts: false, browserName: chrome, browserVersion: 110.0.5481.77, chrome: {chromedriverVersion: 109.0.5414.74 (e7c5703604da..., userDataDir: C:\Users\GA502GU\AppData\Lo...}, goog:chromeOptions: {debuggerAddress: localhost:57352}, javascriptEnabled: true, networkConnectionEnabled: false, pageLoadStrategy: normal, platform: WINDOWS, platformName: WINDOWS, proxy: Proxy(), setWindowRect: true, strictFileInteractability: false, timeouts: {implicit: 0, pageLoad: 300000, script: 30000}, unhandledPromptBehavior: dismiss and notify, webauthn:extension:credBlob: true, webauthn:extension:largeBlob: true, webauthn:virtualAuthenticators: true}
Session ID: 3890c6da2bec318820792e0c7fca5527
	at org.openqa.selenium.remote.http.W3CHttpResponseCodec.createException(W3CHttpResponseCodec.java:187)
	at org.openqa.selenium.remote.http.W3CHttpResponseCodec.decode(W3CHttpResponseCodec.java:122)
	at org.openqa.selenium.remote.http.W3CHttpResponseCodec.decode(W3CHttpResponseCodec.java:49)
	at org.openqa.selenium.remote.HttpCommandExecutor.execute(HttpCommandExecutor.java:158)
	at org.openqa.selenium.remote.service.DriverCommandExecutor.execute(DriverCommandExecutor.java:83)
	at org.openqa.selenium.remote.RemoteWebDriver.execute(RemoteWebDriver.java:552)
	at com.kms.katalon.selenium.driver.CChromeDriver.execute(CChromeDriver.java:19)
	at org.openqa.selenium.remote.RemoteWebElement.execute(RemoteWebElement.java:285)
	at org.openqa.selenium.remote.RemoteWebElement.clear(RemoteWebElement.java:124)
	at org.openqa.selenium.support.events.EventFiringWebDriver$EventFiringWebElement.lambda$new$0(EventFiringWebDriver.java:404)
	at com.sun.proxy.$Proxy11.clear(Unknown Source)
	at org.openqa.selenium.support.events.EventFiringWebDriver$EventFiringWebElement.clear(EventFiringWebDriver.java:436)
	at com.kms.katalon.core.webui.keyword.builtin.ClearTextKeyword$_clearText_closure1.doCall(ClearTextKeyword.groovy:46)
	at com.kms.katalon.core.webui.keyword.builtin.ClearTextKeyword$_clearText_closure1.call(ClearTextKeyword.groovy)
	at com.kms.katalon.core.webui.keyword.internal.WebUIKeywordMain.runKeyword(WebUIKeywordMain.groovy:33)
	... 19 more]]></system-err>
   </testsuite>
</testsuites>
